c:\users\michel\desktop\source\gameserver\release\zgameserver.bsc
c:\users\michel\desktop\source\gameserver\source\release\zgameserver.pch
c:\users\michel\desktop\source\gameserver\source\release\vc140.pdb
c:\users\michel\desktop\source\gameserver\source\release\stdafx.sbr
c:\users\michel\desktop\source\gameserver\source\release\stdafx.obj
c:\users\michel\desktop\source\gameserver\source\release\stdafx.cod
c:\users\michel\desktop\source\gameserver\source\release\classdef.sbr
c:\users\michel\desktop\source\gameserver\source\release\mywinsockbase.sbr
c:\users\michel\desktop\source\gameserver\source\release\setitemoption.sbr
c:\users\michel\desktop\source\gameserver\source\release\tsync.sbr
c:\users\michel\desktop\source\gameserver\source\release\winutil.sbr
c:\users\michel\desktop\source\gameserver\source\release\wzmemscript.sbr
c:\users\michel\desktop\source\gameserver\source\release\wzscriptencode.sbr
c:\users\michel\desktop\source\gameserver\source\release\zzzitem.sbr
c:\users\michel\desktop\source\gameserver\source\release\acheronevent.sbr
c:\users\michel\desktop\source\gameserver\source\release\achievements.sbr
c:\users\michel\desktop\source\gameserver\source\release\arcabattle.sbr
c:\users\michel\desktop\source\gameserver\source\release\attackevent.sbr
c:\users\michel\desktop\source\gameserver\source\release\battleground.sbr
c:\users\michel\desktop\source\gameserver\source\release\battlesoccer.sbr
c:\users\michel\desktop\source\gameserver\source\release\battlesoccermanager.sbr
c:\users\michel\desktop\source\gameserver\source\release\bloodcastle.sbr
c:\users\michel\desktop\source\gameserver\source\release\buffeffect.sbr
c:\users\michel\desktop\source\gameserver\source\release\buffeffectslot.sbr
c:\users\michel\desktop\source\gameserver\source\release\buffscriptloader.sbr
c:\users\michel\desktop\source\gameserver\source\release\buffskilleffect.sbr
c:\users\michel\desktop\source\gameserver\source\release\buffskilleffect.obj
c:\users\michel\desktop\source\gameserver\source\release\buffskilleffect.cod
c:\users\michel\desktop\source\gameserver\source\release\buffscriptloader.obj
c:\users\michel\desktop\source\gameserver\source\release\buffscriptloader.cod
c:\users\michel\desktop\source\gameserver\source\release\buffeffectslot.obj
c:\users\michel\desktop\source\gameserver\source\release\buffeffectslot.cod
c:\users\michel\desktop\source\gameserver\source\release\buffeffect.obj
c:\users\michel\desktop\source\gameserver\source\release\buffeffect.cod
c:\users\michel\desktop\source\gameserver\source\release\bloodcastle.obj
c:\users\michel\desktop\source\gameserver\source\release\bloodcastle.cod
c:\users\michel\desktop\source\gameserver\source\release\battlesoccermanager.obj
c:\users\michel\desktop\source\gameserver\source\release\battlesoccermanager.cod
c:\users\michel\desktop\source\gameserver\source\release\battlesoccer.obj
c:\users\michel\desktop\source\gameserver\source\release\battlesoccer.cod
c:\users\michel\desktop\source\gameserver\source\release\battleground.obj
c:\users\michel\desktop\source\gameserver\source\release\battleground.cod
c:\users\michel\desktop\source\gameserver\source\release\attackevent.obj
c:\users\michel\desktop\source\gameserver\source\release\attackevent.cod
c:\users\michel\desktop\source\gameserver\source\release\arcabattle.obj
c:\users\michel\desktop\source\gameserver\source\release\arcabattle.cod
c:\users\michel\desktop\source\gameserver\source\release\achievements.obj
c:\users\michel\desktop\source\gameserver\source\release\achievements.cod
c:\users\michel\desktop\source\gameserver\source\release\acheronevent.obj
c:\users\michel\desktop\source\gameserver\source\release\acheronevent.cod
c:\users\michel\desktop\source\gameserver\source\release\zzzitem.obj
c:\users\michel\desktop\source\gameserver\source\release\zzzitem.cod
c:\users\michel\desktop\source\gameserver\source\release\wzscriptencode.obj
c:\users\michel\desktop\source\gameserver\source\release\wzscriptencode.cod
c:\users\michel\desktop\source\gameserver\source\release\wzmemscript.obj
c:\users\michel\desktop\source\gameserver\source\release\wzmemscript.cod
c:\users\michel\desktop\source\gameserver\source\release\winutil.obj
c:\users\michel\desktop\source\gameserver\source\release\winutil.cod
c:\users\michel\desktop\source\gameserver\source\release\tsync.obj
c:\users\michel\desktop\source\gameserver\source\release\tsync.cod
c:\users\michel\desktop\source\gameserver\source\release\setitemoption.obj
c:\users\michel\desktop\source\gameserver\source\release\setitemoption.cod
c:\users\michel\desktop\source\gameserver\source\release\mywinsockbase.obj
c:\users\michel\desktop\source\gameserver\source\release\mywinsockbase.cod
c:\users\michel\desktop\source\gameserver\source\release\classdef.obj
c:\users\michel\desktop\source\gameserver\source\release\classdef.cod
c:\users\michel\desktop\source\gameserver\source\release\callstacktrace.sbr
c:\users\michel\desktop\source\gameserver\source\release\cannontower.sbr
c:\users\michel\desktop\source\gameserver\source\release\cashitemperiodsystem.sbr
c:\users\michel\desktop\source\gameserver\source\release\cashlotterysystem.sbr
c:\users\michel\desktop\source\gameserver\source\release\cashshop.sbr
c:\users\michel\desktop\source\gameserver\source\release\castlecrown.sbr
c:\users\michel\desktop\source\gameserver\source\release\castlecrownswitch.sbr
c:\users\michel\desktop\source\gameserver\source\release\castledeepevent.sbr
c:\users\michel\desktop\source\gameserver\source\release\castlesiege.sbr
c:\users\michel\desktop\source\gameserver\source\release\castlesiegesync.sbr
c:\users\michel\desktop\source\gameserver\source\release\chaosbox.sbr
c:\users\michel\desktop\source\gameserver\source\release\chaoscastle.sbr
c:\users\michel\desktop\source\gameserver\source\release\chaosmachinemanager.sbr
c:\users\michel\desktop\source\gameserver\source\release\cheatguard.sbr
c:\users\michel\desktop\source\gameserver\source\release\classcalc.sbr
c:\users\michel\desktop\source\gameserver\source\release\clogincount.sbr
c:\users\michel\desktop\source\gameserver\source\release\closeplayer.sbr
c:\users\michel\desktop\source\gameserver\source\release\comboattack.sbr
c:\users\michel\desktop\source\gameserver\source\release\commandmanager.sbr
c:\users\michel\desktop\source\gameserver\source\release\conmember.sbr
c:\users\michel\desktop\source\gameserver\source\release\conmember.obj
c:\users\michel\desktop\source\gameserver\source\release\conmember.cod
c:\users\michel\desktop\source\gameserver\source\release\commandmanager.obj
c:\users\michel\desktop\source\gameserver\source\release\commandmanager.cod
c:\users\michel\desktop\source\gameserver\source\release\comboattack.obj
c:\users\michel\desktop\source\gameserver\source\release\comboattack.cod
c:\users\michel\desktop\source\gameserver\source\release\closeplayer.obj
c:\users\michel\desktop\source\gameserver\source\release\closeplayer.cod
c:\users\michel\desktop\source\gameserver\source\release\clogincount.obj
c:\users\michel\desktop\source\gameserver\source\release\clogincount.cod
c:\users\michel\desktop\source\gameserver\source\release\classcalc.obj
c:\users\michel\desktop\source\gameserver\source\release\classcalc.cod
c:\users\michel\desktop\source\gameserver\source\release\cheatguard.obj
c:\users\michel\desktop\source\gameserver\source\release\cheatguard.cod
c:\users\michel\desktop\source\gameserver\source\release\chaosmachinemanager.obj
c:\users\michel\desktop\source\gameserver\source\release\chaosmachinemanager.cod
c:\users\michel\desktop\source\gameserver\source\release\chaoscastle.obj
c:\users\michel\desktop\source\gameserver\source\release\chaoscastle.cod
c:\users\michel\desktop\source\gameserver\source\release\chaosbox.obj
c:\users\michel\desktop\source\gameserver\source\release\chaosbox.cod
c:\users\michel\desktop\source\gameserver\source\release\castlesiegesync.obj
c:\users\michel\desktop\source\gameserver\source\release\castlesiegesync.cod
c:\users\michel\desktop\source\gameserver\source\release\castlesiege.obj
c:\users\michel\desktop\source\gameserver\source\release\castlesiege.cod
c:\users\michel\desktop\source\gameserver\source\release\castledeepevent.obj
c:\users\michel\desktop\source\gameserver\source\release\castledeepevent.cod
c:\users\michel\desktop\source\gameserver\source\release\castlecrownswitch.obj
c:\users\michel\desktop\source\gameserver\source\release\castlecrownswitch.cod
c:\users\michel\desktop\source\gameserver\source\release\castlecrown.obj
c:\users\michel\desktop\source\gameserver\source\release\castlecrown.cod
c:\users\michel\desktop\source\gameserver\source\release\cashshop.obj
c:\users\michel\desktop\source\gameserver\source\release\cashshop.cod
c:\users\michel\desktop\source\gameserver\source\release\cashlotterysystem.obj
c:\users\michel\desktop\source\gameserver\source\release\cashlotterysystem.cod
c:\users\michel\desktop\source\gameserver\source\release\cashitemperiodsystem.obj
c:\users\michel\desktop\source\gameserver\source\release\cashitemperiodsystem.cod
c:\users\michel\desktop\source\gameserver\source\release\cannontower.obj
c:\users\michel\desktop\source\gameserver\source\release\cannontower.cod
c:\users\michel\desktop\source\gameserver\source\release\callstacktrace.obj
c:\users\michel\desktop\source\gameserver\source\release\callstacktrace.cod
c:\users\michel\desktop\source\gameserver\source\release\crywolf.sbr
c:\users\michel\desktop\source\gameserver\source\release\crywolfaltar.sbr
c:\users\michel\desktop\source\gameserver\source\release\crywolfdarkelf.sbr
c:\users\michel\desktop\source\gameserver\source\release\crywolfmonster.sbr
c:\users\michel\desktop\source\gameserver\source\release\crywolfstatetimeinfo.sbr
c:\users\michel\desktop\source\gameserver\source\release\crywolfstatue.sbr
c:\users\michel\desktop\source\gameserver\source\release\crywolfsync.sbr
c:\users\michel\desktop\source\gameserver\source\release\crywolftanker.sbr
c:\users\michel\desktop\source\gameserver\source\release\crywolfutil.sbr
c:\users\michel\desktop\source\gameserver\source\release\custommanager.sbr
c:\users\michel\desktop\source\gameserver\source\release\cwhatsupdummyserver.sbr
c:\users\michel\desktop\source\gameserver\source\release\darkspirit.sbr
c:\users\michel\desktop\source\gameserver\source\release\dbsave.sbr
c:\users\michel\desktop\source\gameserver\source\release\dbsockmng.sbr
c:\users\michel\desktop\source\gameserver\source\release\devilsquare.sbr
c:\users\michel\desktop\source\gameserver\source\release\devilsquareground.sbr
c:\users\michel\desktop\source\gameserver\source\release\dirpath.sbr
c:\users\michel\desktop\source\gameserver\source\release\doublegoerevent.sbr
c:\users\michel\desktop\source\gameserver\source\release\dragonevent.sbr
c:\users\michel\desktop\source\gameserver\source\release\dsprotocol.sbr
c:\users\michel\desktop\source\gameserver\source\release\dsprotocol.obj
c:\users\michel\desktop\source\gameserver\source\release\dsprotocol.cod
c:\users\michel\desktop\source\gameserver\source\release\dragonevent.obj
c:\users\michel\desktop\source\gameserver\source\release\dragonevent.cod
c:\users\michel\desktop\source\gameserver\source\release\doublegoerevent.obj
c:\users\michel\desktop\source\gameserver\source\release\doublegoerevent.cod
c:\users\michel\desktop\source\gameserver\source\release\dirpath.obj
c:\users\michel\desktop\source\gameserver\source\release\dirpath.cod
c:\users\michel\desktop\source\gameserver\source\release\devilsquareground.obj
c:\users\michel\desktop\source\gameserver\source\release\devilsquareground.cod
c:\users\michel\desktop\source\gameserver\source\release\devilsquare.obj
c:\users\michel\desktop\source\gameserver\source\release\devilsquare.cod
c:\users\michel\desktop\source\gameserver\source\release\dbsockmng.obj
c:\users\michel\desktop\source\gameserver\source\release\dbsockmng.cod
c:\users\michel\desktop\source\gameserver\source\release\dbsave.obj
c:\users\michel\desktop\source\gameserver\source\release\dbsave.cod
c:\users\michel\desktop\source\gameserver\source\release\darkspirit.obj
c:\users\michel\desktop\source\gameserver\source\release\darkspirit.cod
c:\users\michel\desktop\source\gameserver\source\release\cwhatsupdummyserver.obj
c:\users\michel\desktop\source\gameserver\source\release\cwhatsupdummyserver.cod
c:\users\michel\desktop\source\gameserver\source\release\custommanager.obj
c:\users\michel\desktop\source\gameserver\source\release\custommanager.cod
c:\users\michel\desktop\source\gameserver\source\release\crywolfutil.obj
c:\users\michel\desktop\source\gameserver\source\release\crywolfutil.cod
c:\users\michel\desktop\source\gameserver\source\release\crywolftanker.obj
c:\users\michel\desktop\source\gameserver\source\release\crywolftanker.cod
c:\users\michel\desktop\source\gameserver\source\release\crywolfsync.obj
c:\users\michel\desktop\source\gameserver\source\release\crywolfsync.cod
c:\users\michel\desktop\source\gameserver\source\release\crywolfstatue.obj
c:\users\michel\desktop\source\gameserver\source\release\crywolfstatue.cod
c:\users\michel\desktop\source\gameserver\source\release\crywolfstatetimeinfo.obj
c:\users\michel\desktop\source\gameserver\source\release\crywolfstatetimeinfo.cod
c:\users\michel\desktop\source\gameserver\source\release\crywolfmonster.obj
c:\users\michel\desktop\source\gameserver\source\release\crywolfmonster.cod
c:\users\michel\desktop\source\gameserver\source\release\crywolfdarkelf.obj
c:\users\michel\desktop\source\gameserver\source\release\crywolfdarkelf.cod
c:\users\michel\desktop\source\gameserver\source\release\crywolfaltar.obj
c:\users\michel\desktop\source\gameserver\source\release\crywolfaltar.cod
c:\users\michel\desktop\source\gameserver\source\release\crywolf.obj
c:\users\michel\desktop\source\gameserver\source\release\crywolf.cod
c:\users\michel\desktop\source\gameserver\source\release\dummytarget.sbr
c:\users\michel\desktop\source\gameserver\source\release\edsprotocol.sbr
c:\users\michel\desktop\source\gameserver\source\release\eledoradoevent.sbr
c:\users\michel\desktop\source\gameserver\source\release\elementalsystem.sbr
c:\users\michel\desktop\source\gameserver\source\release\event.sbr
c:\users\michel\desktop\source\gameserver\source\release\eventitembag.sbr
c:\users\michel\desktop\source\gameserver\source\release\eventmanagement.sbr
c:\users\michel\desktop\source\gameserver\source\release\expoint.sbr
c:\users\michel\desktop\source\gameserver\source\release\extraclassbalance.sbr
c:\users\michel\desktop\source\gameserver\source\release\gambling.sbr
c:\users\michel\desktop\source\gameserver\source\release\gameevent.sbr
c:\users\michel\desktop\source\gameserver\source\release\gamemain.sbr
c:\users\michel\desktop\source\gameserver\source\release\gameserver.sbr
c:\users\michel\desktop\source\gameserver\source\release\gate.sbr
c:\users\michel\desktop\source\gameserver\source\release\giocp.sbr
c:\users\michel\desktop\source\gameserver\source\release\gobjmonster.sbr
c:\users\michel\desktop\source\gameserver\source\release\guardian.sbr
c:\users\michel\desktop\source\gameserver\source\release\guardianstatue.sbr
c:\users\michel\desktop\source\gameserver\source\release\guildclass.sbr
c:\users\michel\desktop\source\gameserver\source\release\guildmatch.sbr
c:\users\michel\desktop\source\gameserver\source\release\guildmatch.obj
c:\users\michel\desktop\source\gameserver\source\release\guildmatch.cod
c:\users\michel\desktop\source\gameserver\source\release\guildclass.obj
c:\users\michel\desktop\source\gameserver\source\release\guildclass.cod
c:\users\michel\desktop\source\gameserver\source\release\guardianstatue.obj
c:\users\michel\desktop\source\gameserver\source\release\guardianstatue.cod
c:\users\michel\desktop\source\gameserver\source\release\guardian.obj
c:\users\michel\desktop\source\gameserver\source\release\guardian.cod
c:\users\michel\desktop\source\gameserver\source\release\gobjmonster.obj
c:\users\michel\desktop\source\gameserver\source\release\gobjmonster.cod
c:\users\michel\desktop\source\gameserver\source\release\giocp.obj
c:\users\michel\desktop\source\gameserver\source\release\giocp.cod
c:\users\michel\desktop\source\gameserver\source\release\gate.obj
c:\users\michel\desktop\source\gameserver\source\release\gate.cod
c:\users\michel\desktop\source\gameserver\source\release\gameserver.obj
c:\users\michel\desktop\source\gameserver\source\release\gameserver.cod
c:\users\michel\desktop\source\gameserver\source\release\gamemain.obj
c:\users\michel\desktop\source\gameserver\source\release\gamemain.cod
c:\users\michel\desktop\source\gameserver\source\release\gameevent.obj
c:\users\michel\desktop\source\gameserver\source\release\gameevent.cod
c:\users\michel\desktop\source\gameserver\source\release\gambling.obj
c:\users\michel\desktop\source\gameserver\source\release\gambling.cod
c:\users\michel\desktop\source\gameserver\source\release\extraclassbalance.obj
c:\users\michel\desktop\source\gameserver\source\release\extraclassbalance.cod
c:\users\michel\desktop\source\gameserver\source\release\expoint.obj
c:\users\michel\desktop\source\gameserver\source\release\expoint.cod
c:\users\michel\desktop\source\gameserver\source\release\eventmanagement.obj
c:\users\michel\desktop\source\gameserver\source\release\eventmanagement.cod
c:\users\michel\desktop\source\gameserver\source\release\eventitembag.obj
c:\users\michel\desktop\source\gameserver\source\release\eventitembag.cod
c:\users\michel\desktop\source\gameserver\source\release\event.obj
c:\users\michel\desktop\source\gameserver\source\release\event.cod
c:\users\michel\desktop\source\gameserver\source\release\elementalsystem.obj
c:\users\michel\desktop\source\gameserver\source\release\elementalsystem.cod
c:\users\michel\desktop\source\gameserver\source\release\eledoradoevent.obj
c:\users\michel\desktop\source\gameserver\source\release\eledoradoevent.cod
c:\users\michel\desktop\source\gameserver\source\release\edsprotocol.obj
c:\users\michel\desktop\source\gameserver\source\release\edsprotocol.cod
c:\users\michel\desktop\source\gameserver\source\release\dummytarget.obj
c:\users\michel\desktop\source\gameserver\source\release\dummytarget.cod
c:\users\michel\desktop\source\gameserver\source\release\hardcoremode.sbr
c:\users\michel\desktop\source\gameserver\source\release\illusiontempleevent.sbr
c:\users\michel\desktop\source\gameserver\source\release\illusiontempleprocess.sbr
c:\users\michel\desktop\source\gameserver\source\release\imperialguardian.sbr
c:\users\michel\desktop\source\gameserver\source\release\imperialguardianrewardexp.sbr
c:\users\michel\desktop\source\gameserver\source\release\ipcache.sbr
c:\users\michel\desktop\source\gameserver\source\release\itemaddoption.sbr
c:\users\michel\desktop\source\gameserver\source\release\itemdroprate.sbr
c:\users\michel\desktop\source\gameserver\source\release\itemexcellentoption.sbr
c:\users\michel\desktop\source\gameserver\source\release\itemprice.sbr
c:\users\michel\desktop\source\gameserver\source\release\itemsystemfor380.sbr
c:\users\michel\desktop\source\gameserver\source\release\itemupgradejewels.sbr
c:\users\michel\desktop\source\gameserver\source\release\itemwingsoption.sbr
c:\users\michel\desktop\source\gameserver\source\release\jewelmixsystem.sbr
c:\users\michel\desktop\source\gameserver\source\release\jewelofharmonysystem.sbr
c:\users\michel\desktop\source\gameserver\source\release\kalimagate.sbr
c:\users\michel\desktop\source\gameserver\source\release\kanturu.sbr
c:\users\michel\desktop\source\gameserver\source\release\kanturubattleofmaya.sbr
c:\users\michel\desktop\source\gameserver\source\release\kanturubattleofnightmare.sbr
c:\users\michel\desktop\source\gameserver\source\release\kanturubattlestanby.sbr
c:\users\michel\desktop\source\gameserver\source\release\kanturubattlestanby.obj
c:\users\michel\desktop\source\gameserver\source\release\kanturubattlestanby.cod
c:\users\michel\desktop\source\gameserver\source\release\kanturubattleofnightmare.obj
c:\users\michel\desktop\source\gameserver\source\release\kanturubattleofnightmare.cod
c:\users\michel\desktop\source\gameserver\source\release\kanturubattleofmaya.obj
c:\users\michel\desktop\source\gameserver\source\release\kanturubattleofmaya.cod
c:\users\michel\desktop\source\gameserver\source\release\kanturu.obj
c:\users\michel\desktop\source\gameserver\source\release\kanturu.cod
c:\users\michel\desktop\source\gameserver\source\release\kalimagate.obj
c:\users\michel\desktop\source\gameserver\source\release\kalimagate.cod
c:\users\michel\desktop\source\gameserver\source\release\jewelofharmonysystem.obj
c:\users\michel\desktop\source\gameserver\source\release\jewelofharmonysystem.cod
c:\users\michel\desktop\source\gameserver\source\release\jewelmixsystem.obj
c:\users\michel\desktop\source\gameserver\source\release\jewelmixsystem.cod
c:\users\michel\desktop\source\gameserver\source\release\itemwingsoption.obj
c:\users\michel\desktop\source\gameserver\source\release\itemwingsoption.cod
c:\users\michel\desktop\source\gameserver\source\release\itemupgradejewels.obj
c:\users\michel\desktop\source\gameserver\source\release\itemupgradejewels.cod
c:\users\michel\desktop\source\gameserver\source\release\itemsystemfor380.obj
c:\users\michel\desktop\source\gameserver\source\release\itemsystemfor380.cod
c:\users\michel\desktop\source\gameserver\source\release\itemprice.obj
c:\users\michel\desktop\source\gameserver\source\release\itemprice.cod
c:\users\michel\desktop\source\gameserver\source\release\itemexcellentoption.obj
c:\users\michel\desktop\source\gameserver\source\release\itemexcellentoption.cod
c:\users\michel\desktop\source\gameserver\source\release\itemdroprate.obj
c:\users\michel\desktop\source\gameserver\source\release\itemdroprate.cod
c:\users\michel\desktop\source\gameserver\source\release\itemaddoption.obj
c:\users\michel\desktop\source\gameserver\source\release\itemaddoption.cod
c:\users\michel\desktop\source\gameserver\source\release\ipcache.obj
c:\users\michel\desktop\source\gameserver\source\release\ipcache.cod
c:\users\michel\desktop\source\gameserver\source\release\imperialguardianrewardexp.obj
c:\users\michel\desktop\source\gameserver\source\release\imperialguardianrewardexp.cod
c:\users\michel\desktop\source\gameserver\source\release\imperialguardian.obj
c:\users\michel\desktop\source\gameserver\source\release\imperialguardian.cod
c:\users\michel\desktop\source\gameserver\source\release\illusiontempleprocess.obj
c:\users\michel\desktop\source\gameserver\source\release\illusiontempleprocess.cod
c:\users\michel\desktop\source\gameserver\source\release\illusiontempleevent.obj
c:\users\michel\desktop\source\gameserver\source\release\illusiontempleevent.cod
c:\users\michel\desktop\source\gameserver\source\release\hardcoremode.obj
c:\users\michel\desktop\source\gameserver\source\release\hardcoremode.cod
c:\users\michel\desktop\source\gameserver\source\release\kanturubattleusermng.sbr
c:\users\michel\desktop\source\gameserver\source\release\kanturuentrancenpc.sbr
c:\users\michel\desktop\source\gameserver\source\release\kanturumaya.sbr
c:\users\michel\desktop\source\gameserver\source\release\kanturumonstermng.sbr
c:\users\michel\desktop\source\gameserver\source\release\kanturunightmare.sbr
c:\users\michel\desktop\source\gameserver\source\release\kanturustateinfo.sbr
c:\users\michel\desktop\source\gameserver\source\release\kanturutowerofrefinement.sbr
c:\users\michel\desktop\source\gameserver\source\release\kanturuutil.sbr
c:\users\michel\desktop\source\gameserver\source\release\largerand.sbr
c:\users\michel\desktop\source\gameserver\source\release\lifestone.sbr
c:\users\michel\desktop\source\gameserver\source\release\logproc.sbr
c:\users\michel\desktop\source\gameserver\source\release\logtofile.sbr
c:\users\michel\desktop\source\gameserver\source\release\luafun.sbr
c:\users\michel\desktop\source\gameserver\source\release\luckyitem.sbr
c:\users\michel\desktop\source\gameserver\source\release\magicdamage.sbr
c:\users\michel\desktop\source\gameserver\source\release\magicinf.sbr
c:\users\michel\desktop\source\gameserver\source\release\mapclass.sbr
c:\users\michel\desktop\source\gameserver\source\release\mapitem.sbr
c:\users\michel\desktop\source\gameserver\source\release\maprateinfo.sbr
c:\users\michel\desktop\source\gameserver\source\release\mapservermanager.sbr
c:\users\michel\desktop\source\gameserver\source\release\mapservermanager.obj
c:\users\michel\desktop\source\gameserver\source\release\mapservermanager.cod
c:\users\michel\desktop\source\gameserver\source\release\maprateinfo.obj
c:\users\michel\desktop\source\gameserver\source\release\maprateinfo.cod
c:\users\michel\desktop\source\gameserver\source\release\mapitem.obj
c:\users\michel\desktop\source\gameserver\source\release\mapitem.cod
c:\users\michel\desktop\source\gameserver\source\release\mapclass.obj
c:\users\michel\desktop\source\gameserver\source\release\mapclass.cod
c:\users\michel\desktop\source\gameserver\source\release\magicinf.obj
c:\users\michel\desktop\source\gameserver\source\release\magicinf.cod
c:\users\michel\desktop\source\gameserver\source\release\magicdamage.obj
c:\users\michel\desktop\source\gameserver\source\release\magicdamage.cod
c:\users\michel\desktop\source\gameserver\source\release\luckyitem.obj
c:\users\michel\desktop\source\gameserver\source\release\luckyitem.cod
c:\users\michel\desktop\source\gameserver\source\release\luafun.obj
c:\users\michel\desktop\source\gameserver\source\release\luafun.cod
c:\users\michel\desktop\source\gameserver\source\release\logtofile.obj
c:\users\michel\desktop\source\gameserver\source\release\logtofile.cod
c:\users\michel\desktop\source\gameserver\source\release\logproc.obj
c:\users\michel\desktop\source\gameserver\source\release\logproc.cod
c:\users\michel\desktop\source\gameserver\source\release\lifestone.obj
c:\users\michel\desktop\source\gameserver\source\release\lifestone.cod
c:\users\michel\desktop\source\gameserver\source\release\largerand.obj
c:\users\michel\desktop\source\gameserver\source\release\largerand.cod
c:\users\michel\desktop\source\gameserver\source\release\kanturuutil.obj
c:\users\michel\desktop\source\gameserver\source\release\kanturuutil.cod
c:\users\michel\desktop\source\gameserver\source\release\kanturutowerofrefinement.obj
c:\users\michel\desktop\source\gameserver\source\release\kanturutowerofrefinement.cod
c:\users\michel\desktop\source\gameserver\source\release\kanturustateinfo.obj
c:\users\michel\desktop\source\gameserver\source\release\kanturustateinfo.cod
c:\users\michel\desktop\source\gameserver\source\release\kanturunightmare.obj
c:\users\michel\desktop\source\gameserver\source\release\kanturunightmare.cod
c:\users\michel\desktop\source\gameserver\source\release\kanturumonstermng.obj
c:\users\michel\desktop\source\gameserver\source\release\kanturumonstermng.cod
c:\users\michel\desktop\source\gameserver\source\release\kanturumaya.obj
c:\users\michel\desktop\source\gameserver\source\release\kanturumaya.cod
c:\users\michel\desktop\source\gameserver\source\release\kanturuentrancenpc.obj
c:\users\michel\desktop\source\gameserver\source\release\kanturuentrancenpc.cod
c:\users\michel\desktop\source\gameserver\source\release\kanturubattleusermng.obj
c:\users\michel\desktop\source\gameserver\source\release\kanturubattleusermng.cod
c:\users\michel\desktop\source\gameserver\source\release\masterlevelskilltreesystem.sbr
c:\users\michel\desktop\source\gameserver\source\release\masterskillsystem.sbr
c:\users\michel\desktop\source\gameserver\source\release\mercenary.sbr
c:\users\michel\desktop\source\gameserver\source\release\message.sbr
c:\users\michel\desktop\source\gameserver\source\release\minimap.sbr
c:\users\michel\desktop\source\gameserver\source\release\miningsystem.sbr
c:\users\michel\desktop\source\gameserver\source\release\monsterattr.sbr
c:\users\michel\desktop\source\gameserver\source\release\monsterherd.sbr
c:\users\michel\desktop\source\gameserver\source\release\monsteritemmng.sbr
c:\users\michel\desktop\source\gameserver\source\release\monsteritemmngex.sbr
c:\users\michel\desktop\source\gameserver\source\release\monstermoneydrop.sbr
c:\users\michel\desktop\source\gameserver\source\release\monstersetbase.sbr
c:\users\michel\desktop\source\gameserver\source\release\monsterspawner.sbr
c:\users\michel\desktop\source\gameserver\source\release\monsterstatcalc.sbr
c:\users\michel\desktop\source\gameserver\source\release\movecheck.sbr
c:\users\michel\desktop\source\gameserver\source\release\movecommand.sbr
c:\users\michel\desktop\source\gameserver\source\release\muhelper.sbr
c:\users\michel\desktop\source\gameserver\source\release\multiattackhackcheck.sbr
c:\users\michel\desktop\source\gameserver\source\release\multiwarehousesystem.sbr
c:\users\michel\desktop\source\gameserver\source\release\mulua.sbr
c:\users\michel\desktop\source\gameserver\source\release\mulua.obj
c:\users\michel\desktop\source\gameserver\source\release\mulua.cod
c:\users\michel\desktop\source\gameserver\source\release\multiwarehousesystem.obj
c:\users\michel\desktop\source\gameserver\source\release\multiwarehousesystem.cod
c:\users\michel\desktop\source\gameserver\source\release\multiattackhackcheck.obj
c:\users\michel\desktop\source\gameserver\source\release\multiattackhackcheck.cod
c:\users\michel\desktop\source\gameserver\source\release\muhelper.obj
c:\users\michel\desktop\source\gameserver\source\release\muhelper.cod
c:\users\michel\desktop\source\gameserver\source\release\movecommand.obj
c:\users\michel\desktop\source\gameserver\source\release\movecommand.cod
c:\users\michel\desktop\source\gameserver\source\release\movecheck.obj
c:\users\michel\desktop\source\gameserver\source\release\movecheck.cod
c:\users\michel\desktop\source\gameserver\source\release\monsterstatcalc.obj
c:\users\michel\desktop\source\gameserver\source\release\monsterstatcalc.cod
c:\users\michel\desktop\source\gameserver\source\release\monsterspawner.obj
c:\users\michel\desktop\source\gameserver\source\release\monsterspawner.cod
c:\users\michel\desktop\source\gameserver\source\release\monstersetbase.obj
c:\users\michel\desktop\source\gameserver\source\release\monstersetbase.cod
c:\users\michel\desktop\source\gameserver\source\release\monstermoneydrop.obj
c:\users\michel\desktop\source\gameserver\source\release\monstermoneydrop.cod
c:\users\michel\desktop\source\gameserver\source\release\monsteritemmngex.obj
c:\users\michel\desktop\source\gameserver\source\release\monsteritemmngex.cod
c:\users\michel\desktop\source\gameserver\source\release\monsteritemmng.obj
c:\users\michel\desktop\source\gameserver\source\release\monsteritemmng.cod
c:\users\michel\desktop\source\gameserver\source\release\monsterherd.obj
c:\users\michel\desktop\source\gameserver\source\release\monsterherd.cod
c:\users\michel\desktop\source\gameserver\source\release\monsterattr.obj
c:\users\michel\desktop\source\gameserver\source\release\monsterattr.cod
c:\users\michel\desktop\source\gameserver\source\release\miningsystem.obj
c:\users\michel\desktop\source\gameserver\source\release\miningsystem.cod
c:\users\michel\desktop\source\gameserver\source\release\minimap.obj
c:\users\michel\desktop\source\gameserver\source\release\minimap.cod
c:\users\michel\desktop\source\gameserver\source\release\message.obj
c:\users\michel\desktop\source\gameserver\source\release\message.cod
c:\users\michel\desktop\source\gameserver\source\release\mercenary.obj
c:\users\michel\desktop\source\gameserver\source\release\mercenary.cod
c:\users\michel\desktop\source\gameserver\source\release\masterskillsystem.obj
c:\users\michel\desktop\source\gameserver\source\release\masterskillsystem.cod
c:\users\michel\desktop\source\gameserver\source\release\masterlevelskilltreesystem.obj
c:\users\michel\desktop\source\gameserver\source\release\masterlevelskilltreesystem.cod
c:\users\michel\desktop\source\gameserver\source\release\murummy.sbr
c:\users\michel\desktop\source\gameserver\source\release\mutimer.sbr
c:\users\michel\desktop\source\gameserver\source\release\muunsystem.sbr
c:\users\michel\desktop\source\gameserver\source\release\newpvp.sbr
c:\users\michel\desktop\source\gameserver\source\release\notice.sbr
c:\users\michel\desktop\source\gameserver\source\release\npctalk.sbr
c:\users\michel\desktop\source\gameserver\source\release\nserialcheck.sbr
c:\users\michel\desktop\source\gameserver\source\release\objattack.sbr
c:\users\michel\desktop\source\gameserver\source\release\objbaseattack.sbr
c:\users\michel\desktop\source\gameserver\source\release\objcalcharacter.sbr
c:\users\michel\desktop\source\gameserver\source\release\objuseskill.sbr
c:\users\michel\desktop\source\gameserver\source\release\offlinetrade.sbr
c:\users\michel\desktop\source\gameserver\source\release\packetchecksum.sbr
c:\users\michel\desktop\source\gameserver\source\release\partyclass.sbr
c:\users\michel\desktop\source\gameserver\source\release\paymentex.sbr
c:\users\michel\desktop\source\gameserver\source\release\pcbangpointsystem.sbr
c:\users\michel\desktop\source\gameserver\source\release\pcbangusersystem.sbr
c:\users\michel\desktop\source\gameserver\source\release\protocol.sbr
c:\users\michel\desktop\source\gameserver\source\release\pvpbalance.sbr
c:\users\michel\desktop\source\gameserver\source\release\questinfo.sbr
c:\users\michel\desktop\source\gameserver\source\release\questinfo.obj
c:\users\michel\desktop\source\gameserver\source\release\questinfo.cod
c:\users\michel\desktop\source\gameserver\source\release\pvpbalance.obj
c:\users\michel\desktop\source\gameserver\source\release\pvpbalance.cod
c:\users\michel\desktop\source\gameserver\source\release\protocol.obj
c:\users\michel\desktop\source\gameserver\source\release\protocol.cod
c:\users\michel\desktop\source\gameserver\source\release\pcbangusersystem.obj
c:\users\michel\desktop\source\gameserver\source\release\pcbangusersystem.cod
c:\users\michel\desktop\source\gameserver\source\release\pcbangpointsystem.obj
c:\users\michel\desktop\source\gameserver\source\release\pcbangpointsystem.cod
c:\users\michel\desktop\source\gameserver\source\release\paymentex.obj
c:\users\michel\desktop\source\gameserver\source\release\paymentex.cod
c:\users\michel\desktop\source\gameserver\source\release\partyclass.obj
c:\users\michel\desktop\source\gameserver\source\release\partyclass.cod
c:\users\michel\desktop\source\gameserver\source\release\packetchecksum.obj
c:\users\michel\desktop\source\gameserver\source\release\packetchecksum.cod
c:\users\michel\desktop\source\gameserver\source\release\offlinetrade.obj
c:\users\michel\desktop\source\gameserver\source\release\offlinetrade.cod
c:\users\michel\desktop\source\gameserver\source\release\objuseskill.obj
c:\users\michel\desktop\source\gameserver\source\release\objuseskill.cod
c:\users\michel\desktop\source\gameserver\source\release\objcalcharacter.obj
c:\users\michel\desktop\source\gameserver\source\release\objcalcharacter.cod
c:\users\michel\desktop\source\gameserver\source\release\objbaseattack.obj
c:\users\michel\desktop\source\gameserver\source\release\objbaseattack.cod
c:\users\michel\desktop\source\gameserver\source\release\objattack.obj
c:\users\michel\desktop\source\gameserver\source\release\objattack.cod
c:\users\michel\desktop\source\gameserver\source\release\nserialcheck.obj
c:\users\michel\desktop\source\gameserver\source\release\nserialcheck.cod
c:\users\michel\desktop\source\gameserver\source\release\npctalk.obj
c:\users\michel\desktop\source\gameserver\source\release\npctalk.cod
c:\users\michel\desktop\source\gameserver\source\release\notice.obj
c:\users\michel\desktop\source\gameserver\source\release\notice.cod
c:\users\michel\desktop\source\gameserver\source\release\newpvp.obj
c:\users\michel\desktop\source\gameserver\source\release\newpvp.cod
c:\users\michel\desktop\source\gameserver\source\release\muunsystem.obj
c:\users\michel\desktop\source\gameserver\source\release\muunsystem.cod
c:\users\michel\desktop\source\gameserver\source\release\mutimer.obj
c:\users\michel\desktop\source\gameserver\source\release\mutimer.cod
c:\users\michel\desktop\source\gameserver\source\release\murummy.obj
c:\users\michel\desktop\source\gameserver\source\release\murummy.cod
c:\users\michel\desktop\source\gameserver\source\release\queuetimer.sbr
c:\users\michel\desktop\source\gameserver\source\release\raklion.sbr
c:\users\michel\desktop\source\gameserver\source\release\raklionbattleofselupan.sbr
c:\users\michel\desktop\source\gameserver\source\release\raklionbattleuser.sbr
c:\users\michel\desktop\source\gameserver\source\release\raklionbattleusermng.sbr
c:\users\michel\desktop\source\gameserver\source\release\raklionobjinfo.sbr
c:\users\michel\desktop\source\gameserver\source\release\raklionselupan.sbr
c:\users\michel\desktop\source\gameserver\source\release\raklionutil.sbr
c:\users\michel\desktop\source\gameserver\source\release\reconnect.sbr
c:\users\michel\desktop\source\gameserver\source\release\resetsystem.sbr
c:\users\michel\desktop\source\gameserver\source\release\ringattackevent.sbr
c:\users\michel\desktop\source\gameserver\source\release\setitemmacro.sbr
c:\users\michel\desktop\source\gameserver\source\release\shop.sbr
c:\users\michel\desktop\source\gameserver\source\release\shopboard.sbr
c:\users\michel\desktop\source\gameserver\source\release\shoppointex.sbr
c:\users\michel\desktop\source\gameserver\source\release\simplemodulus.sbr
c:\users\michel\desktop\source\gameserver\source\release\skilladditioninfo.sbr
c:\users\michel\desktop\source\gameserver\source\release\skilldelay.sbr
c:\users\michel\desktop\source\gameserver\source\release\skillhitbox.sbr
c:\users\michel\desktop\source\gameserver\source\release\snakebegins.sbr
c:\users\michel\desktop\source\gameserver\source\release\snakebegins.obj
c:\users\michel\desktop\source\gameserver\source\release\snakebegins.cod
c:\users\michel\desktop\source\gameserver\source\release\skillhitbox.obj
c:\users\michel\desktop\source\gameserver\source\release\skillhitbox.cod
c:\users\michel\desktop\source\gameserver\source\release\skilldelay.obj
c:\users\michel\desktop\source\gameserver\source\release\skilldelay.cod
c:\users\michel\desktop\source\gameserver\source\release\skilladditioninfo.obj
c:\users\michel\desktop\source\gameserver\source\release\skilladditioninfo.cod
c:\users\michel\desktop\source\gameserver\source\release\simplemodulus.obj
c:\users\michel\desktop\source\gameserver\source\release\simplemodulus.cod
c:\users\michel\desktop\source\gameserver\source\release\shoppointex.obj
c:\users\michel\desktop\source\gameserver\source\release\shoppointex.cod
c:\users\michel\desktop\source\gameserver\source\release\shopboard.obj
c:\users\michel\desktop\source\gameserver\source\release\shopboard.cod
c:\users\michel\desktop\source\gameserver\source\release\shop.obj
c:\users\michel\desktop\source\gameserver\source\release\shop.cod
c:\users\michel\desktop\source\gameserver\source\release\setitemmacro.obj
c:\users\michel\desktop\source\gameserver\source\release\setitemmacro.cod
c:\users\michel\desktop\source\gameserver\source\release\ringattackevent.obj
c:\users\michel\desktop\source\gameserver\source\release\ringattackevent.cod
c:\users\michel\desktop\source\gameserver\source\release\resetsystem.obj
c:\users\michel\desktop\source\gameserver\source\release\resetsystem.cod
c:\users\michel\desktop\source\gameserver\source\release\reconnect.obj
c:\users\michel\desktop\source\gameserver\source\release\reconnect.cod
c:\users\michel\desktop\source\gameserver\source\release\raklionutil.obj
c:\users\michel\desktop\source\gameserver\source\release\raklionutil.cod
c:\users\michel\desktop\source\gameserver\source\release\raklionselupan.obj
c:\users\michel\desktop\source\gameserver\source\release\raklionselupan.cod
c:\users\michel\desktop\source\gameserver\source\release\raklionobjinfo.obj
c:\users\michel\desktop\source\gameserver\source\release\raklionobjinfo.cod
c:\users\michel\desktop\source\gameserver\source\release\raklionbattleusermng.obj
c:\users\michel\desktop\source\gameserver\source\release\raklionbattleusermng.cod
c:\users\michel\desktop\source\gameserver\source\release\raklionbattleuser.obj
c:\users\michel\desktop\source\gameserver\source\release\raklionbattleuser.cod
c:\users\michel\desktop\source\gameserver\source\release\raklionbattleofselupan.obj
c:\users\michel\desktop\source\gameserver\source\release\raklionbattleofselupan.cod
c:\users\michel\desktop\source\gameserver\source\release\raklion.obj
c:\users\michel\desktop\source\gameserver\source\release\raklion.cod
c:\users\michel\desktop\source\gameserver\source\release\queuetimer.obj
c:\users\michel\desktop\source\gameserver\source\release\queuetimer.cod
c:\users\michel\desktop\source\gameserver\source\release\socketitemoption.sbr
c:\users\michel\desktop\source\gameserver\source\release\soulsystem.sbr
c:\users\michel\desktop\source\gameserver\source\release\sprotocol.sbr
c:\users\michel\desktop\source\gameserver\source\release\statgem.sbr
c:\users\michel\desktop\source\gameserver\source\release\statmng.sbr
c:\users\michel\desktop\source\gameserver\source\release\summonspot.sbr
c:\users\michel\desktop\source\gameserver\source\release\tdurmagickeychecker.sbr
c:\users\michel\desktop\source\gameserver\source\release\temporaryusermanager.sbr
c:\users\michel\desktop\source\gameserver\source\release\tmonsterai.sbr
c:\users\michel\desktop\source\gameserver\source\release\tmonsteraiagro.sbr
c:\users\michel\desktop\source\gameserver\source\release\tmonsteraiautomata.sbr
c:\users\michel\desktop\source\gameserver\source\release\tmonsteraielement.sbr
c:\users\michel\desktop\source\gameserver\source\release\tmonsteraigroup.sbr
c:\users\michel\desktop\source\gameserver\source\release\tmonsteraigroupmember.sbr
c:\users\michel\desktop\source\gameserver\source\release\tmonsteraimovepath.sbr
c:\users\michel\desktop\source\gameserver\source\release\tmonsteraiunit.sbr
c:\users\michel\desktop\source\gameserver\source\release\tmonsteraiutil.sbr
c:\users\michel\desktop\source\gameserver\source\release\tmonsterskillelement.sbr
c:\users\michel\desktop\source\gameserver\source\release\tmonsterskillelementinfo.sbr
c:\users\michel\desktop\source\gameserver\source\release\tmonsterskillmanager.sbr
c:\users\michel\desktop\source\gameserver\source\release\tmonsterskillmanager.obj
c:\users\michel\desktop\source\gameserver\source\release\tmonsterskillmanager.cod
c:\users\michel\desktop\source\gameserver\source\release\tmonsterskillelementinfo.obj
c:\users\michel\desktop\source\gameserver\source\release\tmonsterskillelementinfo.cod
c:\users\michel\desktop\source\gameserver\source\release\tmonsterskillelement.obj
c:\users\michel\desktop\source\gameserver\source\release\tmonsterskillelement.cod
c:\users\michel\desktop\source\gameserver\source\release\tmonsteraiutil.obj
c:\users\michel\desktop\source\gameserver\source\release\tmonsteraiutil.cod
c:\users\michel\desktop\source\gameserver\source\release\tmonsteraiunit.obj
c:\users\michel\desktop\source\gameserver\source\release\tmonsteraiunit.cod
c:\users\michel\desktop\source\gameserver\source\release\tmonsteraimovepath.obj
c:\users\michel\desktop\source\gameserver\source\release\tmonsteraimovepath.cod
c:\users\michel\desktop\source\gameserver\source\release\tmonsteraigroupmember.obj
c:\users\michel\desktop\source\gameserver\source\release\tmonsteraigroupmember.cod
c:\users\michel\desktop\source\gameserver\source\release\tmonsteraigroup.obj
c:\users\michel\desktop\source\gameserver\source\release\tmonsteraigroup.cod
c:\users\michel\desktop\source\gameserver\source\release\tmonsteraielement.obj
c:\users\michel\desktop\source\gameserver\source\release\tmonsteraielement.cod
c:\users\michel\desktop\source\gameserver\source\release\tmonsteraiautomata.obj
c:\users\michel\desktop\source\gameserver\source\release\tmonsteraiautomata.cod
c:\users\michel\desktop\source\gameserver\source\release\tmonsteraiagro.obj
c:\users\michel\desktop\source\gameserver\source\release\tmonsteraiagro.cod
c:\users\michel\desktop\source\gameserver\source\release\tmonsterai.obj
c:\users\michel\desktop\source\gameserver\source\release\tmonsterai.cod
c:\users\michel\desktop\source\gameserver\source\release\temporaryusermanager.obj
c:\users\michel\desktop\source\gameserver\source\release\temporaryusermanager.cod
c:\users\michel\desktop\source\gameserver\source\release\tdurmagickeychecker.obj
c:\users\michel\desktop\source\gameserver\source\release\tdurmagickeychecker.cod
c:\users\michel\desktop\source\gameserver\source\release\summonspot.obj
c:\users\michel\desktop\source\gameserver\source\release\summonspot.cod
c:\users\michel\desktop\source\gameserver\source\release\statmng.obj
c:\users\michel\desktop\source\gameserver\source\release\statmng.cod
c:\users\michel\desktop\source\gameserver\source\release\statgem.obj
c:\users\michel\desktop\source\gameserver\source\release\statgem.cod
c:\users\michel\desktop\source\gameserver\source\release\sprotocol.obj
c:\users\michel\desktop\source\gameserver\source\release\sprotocol.cod
c:\users\michel\desktop\source\gameserver\source\release\soulsystem.obj
c:\users\michel\desktop\source\gameserver\source\release\soulsystem.cod
c:\users\michel\desktop\source\gameserver\source\release\socketitemoption.obj
c:\users\michel\desktop\source\gameserver\source\release\socketitemoption.cod
c:\users\michel\desktop\source\gameserver\source\release\tmonsterskillunit.sbr
c:\users\michel\desktop\source\gameserver\source\release\tnotice.sbr
c:\users\michel\desktop\source\gameserver\source\release\trandompoolmgr.sbr
c:\users\michel\desktop\source\gameserver\source\release\tserverinfodisplayer.sbr
c:\users\michel\desktop\source\gameserver\source\release\tunion.sbr
c:\users\michel\desktop\source\gameserver\source\release\tunioninfo.sbr
c:\users\michel\desktop\source\gameserver\source\release\user.sbr
c:\users\michel\desktop\source\gameserver\source\release\userdieitemdrop.sbr
c:\users\michel\desktop\source\gameserver\source\release\viewportguild.sbr
c:\users\michel\desktop\source\gameserver\source\release\weapon.sbr
c:\users\michel\desktop\source\gameserver\source\release\whispercash.sbr
c:\users\michel\desktop\source\gameserver\source\release\wsgameserver.sbr
c:\users\michel\desktop\source\gameserver\source\release\wsjoinservercli.sbr
c:\users\michel\desktop\source\gameserver\source\release\wsshopservercli.sbr
c:\users\michel\desktop\source\gameserver\source\release\wzqueue.sbr
c:\users\michel\desktop\source\gameserver\source\release\wzudp.sbr
c:\users\michel\desktop\source\gameserver\source\release\xmasattackevent.sbr
c:\users\michel\desktop\source\gameserver\source\release\ztlogger.sbr
c:\users\michel\desktop\source\gameserver\source\release\ztluabackup.sbr
c:\users\michel\desktop\source\gameserver\source\release\zzzmathlib.sbr
c:\users\michel\desktop\source\gameserver\source\release\zzzmathlib.obj
c:\users\michel\desktop\source\gameserver\source\release\zzzmathlib.cod
c:\users\michel\desktop\source\gameserver\source\release\ztluabackup.obj
c:\users\michel\desktop\source\gameserver\source\release\ztluabackup.cod
c:\users\michel\desktop\source\gameserver\source\release\ztlogger.obj
c:\users\michel\desktop\source\gameserver\source\release\ztlogger.cod
c:\users\michel\desktop\source\gameserver\source\release\xmasattackevent.obj
c:\users\michel\desktop\source\gameserver\source\release\xmasattackevent.cod
c:\users\michel\desktop\source\gameserver\source\release\wzudp.obj
c:\users\michel\desktop\source\gameserver\source\release\wzudp.cod
c:\users\michel\desktop\source\gameserver\source\release\wzqueue.obj
c:\users\michel\desktop\source\gameserver\source\release\wzqueue.cod
c:\users\michel\desktop\source\gameserver\source\release\wsshopservercli.obj
c:\users\michel\desktop\source\gameserver\source\release\wsshopservercli.cod
c:\users\michel\desktop\source\gameserver\source\release\wsjoinservercli.obj
c:\users\michel\desktop\source\gameserver\source\release\wsjoinservercli.cod
c:\users\michel\desktop\source\gameserver\source\release\wsgameserver.obj
c:\users\michel\desktop\source\gameserver\source\release\wsgameserver.cod
c:\users\michel\desktop\source\gameserver\source\release\whispercash.obj
c:\users\michel\desktop\source\gameserver\source\release\whispercash.cod
c:\users\michel\desktop\source\gameserver\source\release\weapon.obj
c:\users\michel\desktop\source\gameserver\source\release\weapon.cod
c:\users\michel\desktop\source\gameserver\source\release\viewportguild.obj
c:\users\michel\desktop\source\gameserver\source\release\viewportguild.cod
c:\users\michel\desktop\source\gameserver\source\release\userdieitemdrop.obj
c:\users\michel\desktop\source\gameserver\source\release\userdieitemdrop.cod
c:\users\michel\desktop\source\gameserver\source\release\user.obj
c:\users\michel\desktop\source\gameserver\source\release\user.cod
c:\users\michel\desktop\source\gameserver\source\release\tunioninfo.obj
c:\users\michel\desktop\source\gameserver\source\release\tunioninfo.cod
c:\users\michel\desktop\source\gameserver\source\release\tunion.obj
c:\users\michel\desktop\source\gameserver\source\release\tunion.cod
c:\users\michel\desktop\source\gameserver\source\release\tserverinfodisplayer.obj
c:\users\michel\desktop\source\gameserver\source\release\tserverinfodisplayer.cod
c:\users\michel\desktop\source\gameserver\source\release\trandompoolmgr.obj
c:\users\michel\desktop\source\gameserver\source\release\trandompoolmgr.cod
c:\users\michel\desktop\source\gameserver\source\release\tnotice.obj
c:\users\michel\desktop\source\gameserver\source\release\tnotice.cod
c:\users\michel\desktop\source\gameserver\source\release\tmonsterskillunit.obj
c:\users\michel\desktop\source\gameserver\source\release\tmonsterskillunit.cod
c:\users\michel\desktop\source\gameserver\source\release\pugixml.sbr
c:\users\michel\desktop\source\gameserver\source\release\pugixml.obj
c:\users\michel\desktop\source\gameserver\source\release\pugixml.cod
c:\users\michel\desktop\source\gameserver\release\zgameserver.exe
c:\users\michel\desktop\source\gameserver\release\zgameserver.map
c:\users\michel\desktop\source\gameserver\release\zgameserver.pdb
c:\users\michel\desktop\source\gameserver\source\release\gameserver.res
c:\users\michel\desktop\openmu source pack  zteams8\gameserver\source\release\acheronevent.obj
c:\users\michel\desktop\openmu source pack  zteams8\gameserver\source\release\achievements.obj
c:\users\michel\desktop\openmu source pack  zteams8\gameserver\source\release\arcabattle.obj
c:\users\michel\desktop\openmu source pack  zteams8\gameserver\source\release\attackevent.obj
c:\users\michel\desktop\openmu source pack  zteams8\gameserver\source\release\battleground.obj
c:\users\michel\desktop\openmu source pack  zteams8\gameserver\source\release\battlesoccer.obj
c:\users\michel\desktop\openmu source pack  zteams8\gameserver\source\release\battlesoccermanager.obj
c:\users\michel\desktop\openmu source pack  zteams8\gameserver\source\release\bloodcastle.obj
c:\users\michel\desktop\openmu source pack  zteams8\gameserver\source\release\buffeffect.obj
c:\users\michel\desktop\openmu source pack  zteams8\gameserver\source\release\buffeffectslot.obj
c:\users\michel\desktop\openmu source pack  zteams8\gameserver\source\release\buffscriptloader.obj
c:\users\michel\desktop\openmu source pack  zteams8\gameserver\source\release\buffskilleffect.obj
c:\users\michel\desktop\openmu source pack  zteams8\gameserver\source\release\callstacktrace.obj
c:\users\michel\desktop\openmu source pack  zteams8\gameserver\source\release\cannontower.obj
c:\users\michel\desktop\openmu source pack  zteams8\gameserver\source\release\cashitemperiodsystem.obj
c:\users\michel\desktop\openmu source pack  zteams8\gameserver\source\release\cashlotterysystem.obj
c:\users\michel\desktop\openmu source pack  zteams8\gameserver\source\release\cashshop.obj
c:\users\michel\desktop\openmu source pack  zteams8\gameserver\source\release\castlecrown.obj
c:\users\michel\desktop\openmu source pack  zteams8\gameserver\source\release\castlecrownswitch.obj
c:\users\michel\desktop\openmu source pack  zteams8\gameserver\source\release\castledeepevent.obj
c:\users\michel\desktop\openmu source pack  zteams8\gameserver\source\release\castlesiege.obj
c:\users\michel\desktop\openmu source pack  zteams8\gameserver\source\release\castlesiegesync.obj
c:\users\michel\desktop\openmu source pack  zteams8\gameserver\source\release\chaosbox.obj
c:\users\michel\desktop\openmu source pack  zteams8\gameserver\source\release\chaoscastle.obj
c:\users\michel\desktop\openmu source pack  zteams8\gameserver\source\release\chaosmachinemanager.obj
c:\users\michel\desktop\openmu source pack  zteams8\gameserver\source\release\cheatguard.obj
c:\users\michel\desktop\openmu source pack  zteams8\gameserver\source\release\classcalc.obj
c:\users\michel\desktop\openmu source pack  zteams8\gameserver\source\release\classdef.obj
c:\users\michel\desktop\openmu source pack  zteams8\gameserver\source\release\clogincount.obj
c:\users\michel\desktop\openmu source pack  zteams8\gameserver\source\release\closeplayer.obj
c:\users\michel\desktop\openmu source pack  zteams8\gameserver\source\release\comboattack.obj
c:\users\michel\desktop\openmu source pack  zteams8\gameserver\source\release\commandmanager.obj
c:\users\michel\desktop\openmu source pack  zteams8\gameserver\source\release\conmember.obj
c:\users\michel\desktop\openmu source pack  zteams8\gameserver\source\release\crywolf.obj
c:\users\michel\desktop\openmu source pack  zteams8\gameserver\source\release\crywolfaltar.obj
c:\users\michel\desktop\openmu source pack  zteams8\gameserver\source\release\crywolfdarkelf.obj
c:\users\michel\desktop\openmu source pack  zteams8\gameserver\source\release\crywolfmonster.obj
c:\users\michel\desktop\openmu source pack  zteams8\gameserver\source\release\crywolfstatetimeinfo.obj
c:\users\michel\desktop\openmu source pack  zteams8\gameserver\source\release\crywolfstatue.obj
c:\users\michel\desktop\openmu source pack  zteams8\gameserver\source\release\crywolfsync.obj
c:\users\michel\desktop\openmu source pack  zteams8\gameserver\source\release\crywolftanker.obj
c:\users\michel\desktop\openmu source pack  zteams8\gameserver\source\release\crywolfutil.obj
c:\users\michel\desktop\openmu source pack  zteams8\gameserver\source\release\custommanager.obj
c:\users\michel\desktop\openmu source pack  zteams8\gameserver\source\release\cwhatsupdummyserver.obj
c:\users\michel\desktop\openmu source pack  zteams8\gameserver\source\release\darkspirit.obj
c:\users\michel\desktop\openmu source pack  zteams8\gameserver\source\release\dbsave.obj
c:\users\michel\desktop\openmu source pack  zteams8\gameserver\source\release\dbsockmng.obj
c:\users\michel\desktop\openmu source pack  zteams8\gameserver\source\release\devilsquare.obj
c:\users\michel\desktop\openmu source pack  zteams8\gameserver\source\release\devilsquareground.obj
c:\users\michel\desktop\openmu source pack  zteams8\gameserver\source\release\dirpath.obj
c:\users\michel\desktop\openmu source pack  zteams8\gameserver\source\release\doublegoerevent.obj
c:\users\michel\desktop\openmu source pack  zteams8\gameserver\source\release\dragonevent.obj
c:\users\michel\desktop\openmu source pack  zteams8\gameserver\source\release\dsprotocol.obj
c:\users\michel\desktop\openmu source pack  zteams8\gameserver\source\release\dummytarget.obj
c:\users\michel\desktop\openmu source pack  zteams8\gameserver\source\release\edsprotocol.obj
c:\users\michel\desktop\openmu source pack  zteams8\gameserver\source\release\eledoradoevent.obj
c:\users\michel\desktop\openmu source pack  zteams8\gameserver\source\release\elementalsystem.obj
c:\users\michel\desktop\openmu source pack  zteams8\gameserver\source\release\event.obj
c:\users\michel\desktop\openmu source pack  zteams8\gameserver\source\release\eventitembag.obj
c:\users\michel\desktop\openmu source pack  zteams8\gameserver\source\release\eventmanagement.obj
c:\users\michel\desktop\openmu source pack  zteams8\gameserver\source\release\expoint.obj
c:\users\michel\desktop\openmu source pack  zteams8\gameserver\source\release\extraclassbalance.obj
c:\users\michel\desktop\openmu source pack  zteams8\gameserver\source\release\gambling.obj
c:\users\michel\desktop\openmu source pack  zteams8\gameserver\source\release\gameevent.obj
c:\users\michel\desktop\openmu source pack  zteams8\gameserver\source\release\gamemain.obj
c:\users\michel\desktop\openmu source pack  zteams8\gameserver\source\release\gameserver.obj
c:\users\michel\desktop\openmu source pack  zteams8\gameserver\source\release\gate.obj
c:\users\michel\desktop\openmu source pack  zteams8\gameserver\source\release\giocp.obj
c:\users\michel\desktop\openmu source pack  zteams8\gameserver\source\release\gobjmonster.obj
c:\users\michel\desktop\openmu source pack  zteams8\gameserver\source\release\guardian.obj
c:\users\michel\desktop\openmu source pack  zteams8\gameserver\source\release\guardianstatue.obj
c:\users\michel\desktop\openmu source pack  zteams8\gameserver\source\release\guildclass.obj
c:\users\michel\desktop\openmu source pack  zteams8\gameserver\source\release\guildmatch.obj
c:\users\michel\desktop\openmu source pack  zteams8\gameserver\source\release\hardcoremode.obj
c:\users\michel\desktop\openmu source pack  zteams8\gameserver\source\release\illusiontempleevent.obj
c:\users\michel\desktop\openmu source pack  zteams8\gameserver\source\release\illusiontempleprocess.obj
c:\users\michel\desktop\openmu source pack  zteams8\gameserver\source\release\imperialguardian.obj
c:\users\michel\desktop\openmu source pack  zteams8\gameserver\source\release\imperialguardianrewardexp.obj
c:\users\michel\desktop\openmu source pack  zteams8\gameserver\source\release\ipcache.obj
c:\users\michel\desktop\openmu source pack  zteams8\gameserver\source\release\itemaddoption.obj
c:\users\michel\desktop\openmu source pack  zteams8\gameserver\source\release\itemdroprate.obj
c:\users\michel\desktop\openmu source pack  zteams8\gameserver\source\release\itemexcellentoption.obj
c:\users\michel\desktop\openmu source pack  zteams8\gameserver\source\release\itemprice.obj
c:\users\michel\desktop\openmu source pack  zteams8\gameserver\source\release\itemsystemfor380.obj
c:\users\michel\desktop\openmu source pack  zteams8\gameserver\source\release\itemupgradejewels.obj
c:\users\michel\desktop\openmu source pack  zteams8\gameserver\source\release\itemwingsoption.obj
c:\users\michel\desktop\openmu source pack  zteams8\gameserver\source\release\jewelmixsystem.obj
c:\users\michel\desktop\openmu source pack  zteams8\gameserver\source\release\jewelofharmonysystem.obj
c:\users\michel\desktop\openmu source pack  zteams8\gameserver\source\release\kalimagate.obj
c:\users\michel\desktop\openmu source pack  zteams8\gameserver\source\release\kanturu.obj
c:\users\michel\desktop\openmu source pack  zteams8\gameserver\source\release\kanturubattleofmaya.obj
c:\users\michel\desktop\openmu source pack  zteams8\gameserver\source\release\kanturubattleofnightmare.obj
c:\users\michel\desktop\openmu source pack  zteams8\gameserver\source\release\kanturubattlestanby.obj
c:\users\michel\desktop\openmu source pack  zteams8\gameserver\source\release\kanturubattleusermng.obj
c:\users\michel\desktop\openmu source pack  zteams8\gameserver\source\release\kanturuentrancenpc.obj
c:\users\michel\desktop\openmu source pack  zteams8\gameserver\source\release\kanturumaya.obj
c:\users\michel\desktop\openmu source pack  zteams8\gameserver\source\release\kanturumonstermng.obj
c:\users\michel\desktop\openmu source pack  zteams8\gameserver\source\release\kanturunightmare.obj
c:\users\michel\desktop\openmu source pack  zteams8\gameserver\source\release\kanturustateinfo.obj
c:\users\michel\desktop\openmu source pack  zteams8\gameserver\source\release\kanturutowerofrefinement.obj
c:\users\michel\desktop\openmu source pack  zteams8\gameserver\source\release\kanturuutil.obj
c:\users\michel\desktop\openmu source pack  zteams8\gameserver\source\release\largerand.obj
c:\users\michel\desktop\openmu source pack  zteams8\gameserver\source\release\lifestone.obj
c:\users\michel\desktop\openmu source pack  zteams8\gameserver\source\release\logproc.obj
c:\users\michel\desktop\openmu source pack  zteams8\gameserver\source\release\logtofile.obj
c:\users\michel\desktop\openmu source pack  zteams8\gameserver\source\release\luafun.obj
c:\users\michel\desktop\openmu source pack  zteams8\gameserver\source\release\luckyitem.obj
c:\users\michel\desktop\openmu source pack  zteams8\gameserver\source\release\magicdamage.obj
c:\users\michel\desktop\openmu source pack  zteams8\gameserver\source\release\magicinf.obj
c:\users\michel\desktop\openmu source pack  zteams8\gameserver\source\release\mapclass.obj
c:\users\michel\desktop\openmu source pack  zteams8\gameserver\source\release\mapitem.obj
c:\users\michel\desktop\openmu source pack  zteams8\gameserver\source\release\maprateinfo.obj
c:\users\michel\desktop\openmu source pack  zteams8\gameserver\source\release\mapservermanager.obj
c:\users\michel\desktop\openmu source pack  zteams8\gameserver\source\release\masterlevelskilltreesystem.obj
c:\users\michel\desktop\openmu source pack  zteams8\gameserver\source\release\masterskillsystem.obj
c:\users\michel\desktop\openmu source pack  zteams8\gameserver\source\release\mercenary.obj
c:\users\michel\desktop\openmu source pack  zteams8\gameserver\source\release\message.obj
c:\users\michel\desktop\openmu source pack  zteams8\gameserver\source\release\minimap.obj
c:\users\michel\desktop\openmu source pack  zteams8\gameserver\source\release\miningsystem.obj
c:\users\michel\desktop\openmu source pack  zteams8\gameserver\source\release\monsterattr.obj
c:\users\michel\desktop\openmu source pack  zteams8\gameserver\source\release\monsterherd.obj
c:\users\michel\desktop\openmu source pack  zteams8\gameserver\source\release\monsteritemmng.obj
c:\users\michel\desktop\openmu source pack  zteams8\gameserver\source\release\monsteritemmngex.obj
c:\users\michel\desktop\openmu source pack  zteams8\gameserver\source\release\monstermoneydrop.obj
c:\users\michel\desktop\openmu source pack  zteams8\gameserver\source\release\monstersetbase.obj
c:\users\michel\desktop\openmu source pack  zteams8\gameserver\source\release\monsterspawner.obj
c:\users\michel\desktop\openmu source pack  zteams8\gameserver\source\release\monsterstatcalc.obj
c:\users\michel\desktop\openmu source pack  zteams8\gameserver\source\release\movecheck.obj
c:\users\michel\desktop\openmu source pack  zteams8\gameserver\source\release\movecommand.obj
c:\users\michel\desktop\openmu source pack  zteams8\gameserver\source\release\muhelper.obj
c:\users\michel\desktop\openmu source pack  zteams8\gameserver\source\release\multiattackhackcheck.obj
c:\users\michel\desktop\openmu source pack  zteams8\gameserver\source\release\multiwarehousesystem.obj
c:\users\michel\desktop\openmu source pack  zteams8\gameserver\source\release\mulua.obj
c:\users\michel\desktop\openmu source pack  zteams8\gameserver\source\release\murummy.obj
c:\users\michel\desktop\openmu source pack  zteams8\gameserver\source\release\mutimer.obj
c:\users\michel\desktop\openmu source pack  zteams8\gameserver\source\release\muunsystem.obj
c:\users\michel\desktop\openmu source pack  zteams8\gameserver\source\release\mywinsockbase.obj
c:\users\michel\desktop\openmu source pack  zteams8\gameserver\source\release\newpvp.obj
c:\users\michel\desktop\openmu source pack  zteams8\gameserver\source\release\notice.obj
c:\users\michel\desktop\openmu source pack  zteams8\gameserver\source\release\npctalk.obj
c:\users\michel\desktop\openmu source pack  zteams8\gameserver\source\release\nserialcheck.obj
c:\users\michel\desktop\openmu source pack  zteams8\gameserver\source\release\objattack.obj
c:\users\michel\desktop\openmu source pack  zteams8\gameserver\source\release\objbaseattack.obj
c:\users\michel\desktop\openmu source pack  zteams8\gameserver\source\release\objcalcharacter.obj
c:\users\michel\desktop\openmu source pack  zteams8\gameserver\source\release\objuseskill.obj
c:\users\michel\desktop\openmu source pack  zteams8\gameserver\source\release\offlinetrade.obj
c:\users\michel\desktop\openmu source pack  zteams8\gameserver\source\release\packetchecksum.obj
c:\users\michel\desktop\openmu source pack  zteams8\gameserver\source\release\partyclass.obj
c:\users\michel\desktop\openmu source pack  zteams8\gameserver\source\release\paymentex.obj
c:\users\michel\desktop\openmu source pack  zteams8\gameserver\source\release\pcbangpointsystem.obj
c:\users\michel\desktop\openmu source pack  zteams8\gameserver\source\release\pcbangusersystem.obj
c:\users\michel\desktop\openmu source pack  zteams8\gameserver\source\release\protocol.obj
c:\users\michel\desktop\openmu source pack  zteams8\gameserver\source\release\pugixml.obj
c:\users\michel\desktop\openmu source pack  zteams8\gameserver\source\release\pvpbalance.obj
c:\users\michel\desktop\openmu source pack  zteams8\gameserver\source\release\questinfo.obj
c:\users\michel\desktop\openmu source pack  zteams8\gameserver\source\release\queuetimer.obj
c:\users\michel\desktop\openmu source pack  zteams8\gameserver\source\release\raklion.obj
c:\users\michel\desktop\openmu source pack  zteams8\gameserver\source\release\raklionbattleofselupan.obj
c:\users\michel\desktop\openmu source pack  zteams8\gameserver\source\release\raklionbattleuser.obj
c:\users\michel\desktop\openmu source pack  zteams8\gameserver\source\release\raklionbattleusermng.obj
c:\users\michel\desktop\openmu source pack  zteams8\gameserver\source\release\raklionobjinfo.obj
c:\users\michel\desktop\openmu source pack  zteams8\gameserver\source\release\raklionselupan.obj
c:\users\michel\desktop\openmu source pack  zteams8\gameserver\source\release\raklionutil.obj
c:\users\michel\desktop\openmu source pack  zteams8\gameserver\source\release\reconnect.obj
c:\users\michel\desktop\openmu source pack  zteams8\gameserver\source\release\resetsystem.obj
c:\users\michel\desktop\openmu source pack  zteams8\gameserver\source\release\ringattackevent.obj
c:\users\michel\desktop\openmu source pack  zteams8\gameserver\source\release\setitemmacro.obj
c:\users\michel\desktop\openmu source pack  zteams8\gameserver\source\release\setitemoption.obj
c:\users\michel\desktop\openmu source pack  zteams8\gameserver\source\release\shop.obj
c:\users\michel\desktop\openmu source pack  zteams8\gameserver\source\release\shopboard.obj
c:\users\michel\desktop\openmu source pack  zteams8\gameserver\source\release\shoppointex.obj
c:\users\michel\desktop\openmu source pack  zteams8\gameserver\source\release\simplemodulus.obj
c:\users\michel\desktop\openmu source pack  zteams8\gameserver\source\release\skilladditioninfo.obj
c:\users\michel\desktop\openmu source pack  zteams8\gameserver\source\release\skilldelay.obj
c:\users\michel\desktop\openmu source pack  zteams8\gameserver\source\release\skillhitbox.obj
c:\users\michel\desktop\openmu source pack  zteams8\gameserver\source\release\snakebegins.obj
c:\users\michel\desktop\openmu source pack  zteams8\gameserver\source\release\socketitemoption.obj
c:\users\michel\desktop\openmu source pack  zteams8\gameserver\source\release\soulsystem.obj
c:\users\michel\desktop\openmu source pack  zteams8\gameserver\source\release\sprotocol.obj
c:\users\michel\desktop\openmu source pack  zteams8\gameserver\source\release\statgem.obj
c:\users\michel\desktop\openmu source pack  zteams8\gameserver\source\release\statmng.obj
c:\users\michel\desktop\openmu source pack  zteams8\gameserver\source\release\stdafx.obj
c:\users\michel\desktop\openmu source pack  zteams8\gameserver\source\release\summonspot.obj
c:\users\michel\desktop\openmu source pack  zteams8\gameserver\source\release\tdurmagickeychecker.obj
c:\users\michel\desktop\openmu source pack  zteams8\gameserver\source\release\temporaryusermanager.obj
c:\users\michel\desktop\openmu source pack  zteams8\gameserver\source\release\tmonsterai.obj
c:\users\michel\desktop\openmu source pack  zteams8\gameserver\source\release\tmonsteraiagro.obj
c:\users\michel\desktop\openmu source pack  zteams8\gameserver\source\release\tmonsteraiautomata.obj
c:\users\michel\desktop\openmu source pack  zteams8\gameserver\source\release\tmonsteraielement.obj
c:\users\michel\desktop\openmu source pack  zteams8\gameserver\source\release\tmonsteraigroup.obj
c:\users\michel\desktop\openmu source pack  zteams8\gameserver\source\release\tmonsteraigroupmember.obj
c:\users\michel\desktop\openmu source pack  zteams8\gameserver\source\release\tmonsteraimovepath.obj
c:\users\michel\desktop\openmu source pack  zteams8\gameserver\source\release\tmonsteraiunit.obj
c:\users\michel\desktop\openmu source pack  zteams8\gameserver\source\release\tmonsteraiutil.obj
c:\users\michel\desktop\openmu source pack  zteams8\gameserver\source\release\tmonsterskillelement.obj
c:\users\michel\desktop\openmu source pack  zteams8\gameserver\source\release\tmonsterskillelementinfo.obj
c:\users\michel\desktop\openmu source pack  zteams8\gameserver\source\release\tmonsterskillmanager.obj
c:\users\michel\desktop\openmu source pack  zteams8\gameserver\source\release\tmonsterskillunit.obj
c:\users\michel\desktop\openmu source pack  zteams8\gameserver\source\release\tnotice.obj
c:\users\michel\desktop\openmu source pack  zteams8\gameserver\source\release\trandompoolmgr.obj
c:\users\michel\desktop\openmu source pack  zteams8\gameserver\source\release\tserverinfodisplayer.obj
c:\users\michel\desktop\openmu source pack  zteams8\gameserver\source\release\tsync.obj
c:\users\michel\desktop\openmu source pack  zteams8\gameserver\source\release\tunion.obj
c:\users\michel\desktop\openmu source pack  zteams8\gameserver\source\release\tunioninfo.obj
c:\users\michel\desktop\openmu source pack  zteams8\gameserver\source\release\user.obj
c:\users\michel\desktop\openmu source pack  zteams8\gameserver\source\release\userdieitemdrop.obj
c:\users\michel\desktop\openmu source pack  zteams8\gameserver\source\release\viewportguild.obj
c:\users\michel\desktop\openmu source pack  zteams8\gameserver\source\release\weapon.obj
c:\users\michel\desktop\openmu source pack  zteams8\gameserver\source\release\whispercash.obj
c:\users\michel\desktop\openmu source pack  zteams8\gameserver\source\release\winutil.obj
c:\users\michel\desktop\openmu source pack  zteams8\gameserver\source\release\wsgameserver.obj
c:\users\michel\desktop\openmu source pack  zteams8\gameserver\source\release\wsjoinservercli.obj
c:\users\michel\desktop\openmu source pack  zteams8\gameserver\source\release\wsshopservercli.obj
c:\users\michel\desktop\openmu source pack  zteams8\gameserver\source\release\wzmemscript.obj
c:\users\michel\desktop\openmu source pack  zteams8\gameserver\source\release\wzqueue.obj
c:\users\michel\desktop\openmu source pack  zteams8\gameserver\source\release\wzscriptencode.obj
c:\users\michel\desktop\openmu source pack  zteams8\gameserver\source\release\wzudp.obj
c:\users\michel\desktop\openmu source pack  zteams8\gameserver\source\release\xmasattackevent.obj
c:\users\michel\desktop\openmu source pack  zteams8\gameserver\source\release\ztlogger.obj
c:\users\michel\desktop\openmu source pack  zteams8\gameserver\source\release\ztluabackup.obj
c:\users\michel\desktop\openmu source pack  zteams8\gameserver\source\release\zzzitem.obj
c:\users\michel\desktop\openmu source pack  zteams8\gameserver\source\release\zzzmathlib.obj
c:\users\michel\desktop\openmu source pack  zteams8\gameserver\source\release\gameserver.res
c:\users\michel\desktop\openmu source pack  zteams8\gameserver\source\release\zgameserver.pch
c:\users\michel\desktop\openmu source pack  zteams8\gameserver\source\release\vc140.pdb
c:\users\michel\desktop\openmu source pack  zteams8\gameserver\source\release\acheronevent.sbr
c:\users\michel\desktop\openmu source pack  zteams8\gameserver\source\release\achievements.sbr
c:\users\michel\desktop\openmu source pack  zteams8\gameserver\source\release\arcabattle.sbr
c:\users\michel\desktop\openmu source pack  zteams8\gameserver\source\release\attackevent.sbr
c:\users\michel\desktop\openmu source pack  zteams8\gameserver\source\release\battleground.sbr
c:\users\michel\desktop\openmu source pack  zteams8\gameserver\source\release\battlesoccer.sbr
c:\users\michel\desktop\openmu source pack  zteams8\gameserver\source\release\battlesoccermanager.sbr
c:\users\michel\desktop\openmu source pack  zteams8\gameserver\source\release\bloodcastle.sbr
c:\users\michel\desktop\openmu source pack  zteams8\gameserver\source\release\buffeffect.sbr
c:\users\michel\desktop\openmu source pack  zteams8\gameserver\source\release\buffeffectslot.sbr
c:\users\michel\desktop\openmu source pack  zteams8\gameserver\source\release\buffscriptloader.sbr
c:\users\michel\desktop\openmu source pack  zteams8\gameserver\source\release\buffskilleffect.sbr
c:\users\michel\desktop\openmu source pack  zteams8\gameserver\source\release\callstacktrace.sbr
c:\users\michel\desktop\openmu source pack  zteams8\gameserver\source\release\cannontower.sbr
c:\users\michel\desktop\openmu source pack  zteams8\gameserver\source\release\cashitemperiodsystem.sbr
c:\users\michel\desktop\openmu source pack  zteams8\gameserver\source\release\cashlotterysystem.sbr
c:\users\michel\desktop\openmu source pack  zteams8\gameserver\source\release\cashshop.sbr
c:\users\michel\desktop\openmu source pack  zteams8\gameserver\source\release\castlecrown.sbr
c:\users\michel\desktop\openmu source pack  zteams8\gameserver\source\release\castlecrownswitch.sbr
c:\users\michel\desktop\openmu source pack  zteams8\gameserver\source\release\castledeepevent.sbr
c:\users\michel\desktop\openmu source pack  zteams8\gameserver\source\release\castlesiege.sbr
c:\users\michel\desktop\openmu source pack  zteams8\gameserver\source\release\castlesiegesync.sbr
c:\users\michel\desktop\openmu source pack  zteams8\gameserver\source\release\chaosbox.sbr
c:\users\michel\desktop\openmu source pack  zteams8\gameserver\source\release\chaoscastle.sbr
c:\users\michel\desktop\openmu source pack  zteams8\gameserver\source\release\chaosmachinemanager.sbr
c:\users\michel\desktop\openmu source pack  zteams8\gameserver\source\release\cheatguard.sbr
c:\users\michel\desktop\openmu source pack  zteams8\gameserver\source\release\classcalc.sbr
c:\users\michel\desktop\openmu source pack  zteams8\gameserver\source\release\classdef.sbr
c:\users\michel\desktop\openmu source pack  zteams8\gameserver\source\release\clogincount.sbr
c:\users\michel\desktop\openmu source pack  zteams8\gameserver\source\release\closeplayer.sbr
c:\users\michel\desktop\openmu source pack  zteams8\gameserver\source\release\comboattack.sbr
c:\users\michel\desktop\openmu source pack  zteams8\gameserver\source\release\commandmanager.sbr
c:\users\michel\desktop\openmu source pack  zteams8\gameserver\source\release\conmember.sbr
c:\users\michel\desktop\openmu source pack  zteams8\gameserver\source\release\crywolf.sbr
c:\users\michel\desktop\openmu source pack  zteams8\gameserver\source\release\crywolfaltar.sbr
c:\users\michel\desktop\openmu source pack  zteams8\gameserver\source\release\crywolfdarkelf.sbr
c:\users\michel\desktop\openmu source pack  zteams8\gameserver\source\release\crywolfmonster.sbr
c:\users\michel\desktop\openmu source pack  zteams8\gameserver\source\release\crywolfstatetimeinfo.sbr
c:\users\michel\desktop\openmu source pack  zteams8\gameserver\source\release\crywolfstatue.sbr
c:\users\michel\desktop\openmu source pack  zteams8\gameserver\source\release\crywolfsync.sbr
c:\users\michel\desktop\openmu source pack  zteams8\gameserver\source\release\crywolftanker.sbr
c:\users\michel\desktop\openmu source pack  zteams8\gameserver\source\release\crywolfutil.sbr
c:\users\michel\desktop\openmu source pack  zteams8\gameserver\source\release\custommanager.sbr
c:\users\michel\desktop\openmu source pack  zteams8\gameserver\source\release\cwhatsupdummyserver.sbr
c:\users\michel\desktop\openmu source pack  zteams8\gameserver\source\release\darkspirit.sbr
c:\users\michel\desktop\openmu source pack  zteams8\gameserver\source\release\dbsave.sbr
c:\users\michel\desktop\openmu source pack  zteams8\gameserver\source\release\dbsockmng.sbr
c:\users\michel\desktop\openmu source pack  zteams8\gameserver\source\release\devilsquare.sbr
c:\users\michel\desktop\openmu source pack  zteams8\gameserver\source\release\devilsquareground.sbr
c:\users\michel\desktop\openmu source pack  zteams8\gameserver\source\release\dirpath.sbr
c:\users\michel\desktop\openmu source pack  zteams8\gameserver\source\release\doublegoerevent.sbr
c:\users\michel\desktop\openmu source pack  zteams8\gameserver\source\release\dragonevent.sbr
c:\users\michel\desktop\openmu source pack  zteams8\gameserver\source\release\dsprotocol.sbr
c:\users\michel\desktop\openmu source pack  zteams8\gameserver\source\release\dummytarget.sbr
c:\users\michel\desktop\openmu source pack  zteams8\gameserver\source\release\edsprotocol.sbr
c:\users\michel\desktop\openmu source pack  zteams8\gameserver\source\release\eledoradoevent.sbr
c:\users\michel\desktop\openmu source pack  zteams8\gameserver\source\release\elementalsystem.sbr
c:\users\michel\desktop\openmu source pack  zteams8\gameserver\source\release\event.sbr
c:\users\michel\desktop\openmu source pack  zteams8\gameserver\source\release\eventitembag.sbr
c:\users\michel\desktop\openmu source pack  zteams8\gameserver\source\release\eventmanagement.sbr
c:\users\michel\desktop\openmu source pack  zteams8\gameserver\source\release\expoint.sbr
c:\users\michel\desktop\openmu source pack  zteams8\gameserver\source\release\extraclassbalance.sbr
c:\users\michel\desktop\openmu source pack  zteams8\gameserver\source\release\gambling.sbr
c:\users\michel\desktop\openmu source pack  zteams8\gameserver\source\release\gameevent.sbr
c:\users\michel\desktop\openmu source pack  zteams8\gameserver\source\release\gamemain.sbr
c:\users\michel\desktop\openmu source pack  zteams8\gameserver\source\release\gameserver.sbr
c:\users\michel\desktop\openmu source pack  zteams8\gameserver\source\release\gate.sbr
c:\users\michel\desktop\openmu source pack  zteams8\gameserver\source\release\giocp.sbr
c:\users\michel\desktop\openmu source pack  zteams8\gameserver\source\release\gobjmonster.sbr
c:\users\michel\desktop\openmu source pack  zteams8\gameserver\source\release\guardian.sbr
c:\users\michel\desktop\openmu source pack  zteams8\gameserver\source\release\guardianstatue.sbr
c:\users\michel\desktop\openmu source pack  zteams8\gameserver\source\release\guildclass.sbr
c:\users\michel\desktop\openmu source pack  zteams8\gameserver\source\release\guildmatch.sbr
c:\users\michel\desktop\openmu source pack  zteams8\gameserver\source\release\hardcoremode.sbr
c:\users\michel\desktop\openmu source pack  zteams8\gameserver\source\release\illusiontempleevent.sbr
c:\users\michel\desktop\openmu source pack  zteams8\gameserver\source\release\illusiontempleprocess.sbr
c:\users\michel\desktop\openmu source pack  zteams8\gameserver\source\release\imperialguardian.sbr
c:\users\michel\desktop\openmu source pack  zteams8\gameserver\source\release\imperialguardianrewardexp.sbr
c:\users\michel\desktop\openmu source pack  zteams8\gameserver\source\release\ipcache.sbr
c:\users\michel\desktop\openmu source pack  zteams8\gameserver\source\release\itemaddoption.sbr
c:\users\michel\desktop\openmu source pack  zteams8\gameserver\source\release\itemdroprate.sbr
c:\users\michel\desktop\openmu source pack  zteams8\gameserver\source\release\itemexcellentoption.sbr
c:\users\michel\desktop\openmu source pack  zteams8\gameserver\source\release\itemprice.sbr
c:\users\michel\desktop\openmu source pack  zteams8\gameserver\source\release\itemsystemfor380.sbr
c:\users\michel\desktop\openmu source pack  zteams8\gameserver\source\release\itemupgradejewels.sbr
c:\users\michel\desktop\openmu source pack  zteams8\gameserver\source\release\itemwingsoption.sbr
c:\users\michel\desktop\openmu source pack  zteams8\gameserver\source\release\jewelmixsystem.sbr
c:\users\michel\desktop\openmu source pack  zteams8\gameserver\source\release\jewelofharmonysystem.sbr
c:\users\michel\desktop\openmu source pack  zteams8\gameserver\source\release\kalimagate.sbr
c:\users\michel\desktop\openmu source pack  zteams8\gameserver\source\release\kanturu.sbr
c:\users\michel\desktop\openmu source pack  zteams8\gameserver\source\release\kanturubattleofmaya.sbr
c:\users\michel\desktop\openmu source pack  zteams8\gameserver\source\release\kanturubattleofnightmare.sbr
c:\users\michel\desktop\openmu source pack  zteams8\gameserver\source\release\kanturubattlestanby.sbr
c:\users\michel\desktop\openmu source pack  zteams8\gameserver\source\release\kanturubattleusermng.sbr
c:\users\michel\desktop\openmu source pack  zteams8\gameserver\source\release\kanturuentrancenpc.sbr
c:\users\michel\desktop\openmu source pack  zteams8\gameserver\source\release\kanturumaya.sbr
c:\users\michel\desktop\openmu source pack  zteams8\gameserver\source\release\kanturumonstermng.sbr
c:\users\michel\desktop\openmu source pack  zteams8\gameserver\source\release\kanturunightmare.sbr
c:\users\michel\desktop\openmu source pack  zteams8\gameserver\source\release\kanturustateinfo.sbr
c:\users\michel\desktop\openmu source pack  zteams8\gameserver\source\release\kanturutowerofrefinement.sbr
c:\users\michel\desktop\openmu source pack  zteams8\gameserver\source\release\kanturuutil.sbr
c:\users\michel\desktop\openmu source pack  zteams8\gameserver\source\release\largerand.sbr
c:\users\michel\desktop\openmu source pack  zteams8\gameserver\source\release\lifestone.sbr
c:\users\michel\desktop\openmu source pack  zteams8\gameserver\source\release\logproc.sbr
c:\users\michel\desktop\openmu source pack  zteams8\gameserver\source\release\logtofile.sbr
c:\users\michel\desktop\openmu source pack  zteams8\gameserver\source\release\luafun.sbr
c:\users\michel\desktop\openmu source pack  zteams8\gameserver\source\release\luckyitem.sbr
c:\users\michel\desktop\openmu source pack  zteams8\gameserver\source\release\magicdamage.sbr
c:\users\michel\desktop\openmu source pack  zteams8\gameserver\source\release\magicinf.sbr
c:\users\michel\desktop\openmu source pack  zteams8\gameserver\source\release\mapclass.sbr
c:\users\michel\desktop\openmu source pack  zteams8\gameserver\source\release\mapitem.sbr
c:\users\michel\desktop\openmu source pack  zteams8\gameserver\source\release\maprateinfo.sbr
c:\users\michel\desktop\openmu source pack  zteams8\gameserver\source\release\mapservermanager.sbr
c:\users\michel\desktop\openmu source pack  zteams8\gameserver\source\release\masterlevelskilltreesystem.sbr
c:\users\michel\desktop\openmu source pack  zteams8\gameserver\source\release\masterskillsystem.sbr
c:\users\michel\desktop\openmu source pack  zteams8\gameserver\source\release\mercenary.sbr
c:\users\michel\desktop\openmu source pack  zteams8\gameserver\source\release\message.sbr
c:\users\michel\desktop\openmu source pack  zteams8\gameserver\source\release\minimap.sbr
c:\users\michel\desktop\openmu source pack  zteams8\gameserver\source\release\miningsystem.sbr
c:\users\michel\desktop\openmu source pack  zteams8\gameserver\source\release\monsterattr.sbr
c:\users\michel\desktop\openmu source pack  zteams8\gameserver\source\release\monsterherd.sbr
c:\users\michel\desktop\openmu source pack  zteams8\gameserver\source\release\monsteritemmng.sbr
c:\users\michel\desktop\openmu source pack  zteams8\gameserver\source\release\monsteritemmngex.sbr
c:\users\michel\desktop\openmu source pack  zteams8\gameserver\source\release\monstermoneydrop.sbr
c:\users\michel\desktop\openmu source pack  zteams8\gameserver\source\release\monstersetbase.sbr
c:\users\michel\desktop\openmu source pack  zteams8\gameserver\source\release\monsterspawner.sbr
c:\users\michel\desktop\openmu source pack  zteams8\gameserver\source\release\monsterstatcalc.sbr
c:\users\michel\desktop\openmu source pack  zteams8\gameserver\source\release\movecheck.sbr
c:\users\michel\desktop\openmu source pack  zteams8\gameserver\source\release\movecommand.sbr
c:\users\michel\desktop\openmu source pack  zteams8\gameserver\source\release\muhelper.sbr
c:\users\michel\desktop\openmu source pack  zteams8\gameserver\source\release\multiattackhackcheck.sbr
c:\users\michel\desktop\openmu source pack  zteams8\gameserver\source\release\multiwarehousesystem.sbr
c:\users\michel\desktop\openmu source pack  zteams8\gameserver\source\release\mulua.sbr
c:\users\michel\desktop\openmu source pack  zteams8\gameserver\source\release\murummy.sbr
c:\users\michel\desktop\openmu source pack  zteams8\gameserver\source\release\mutimer.sbr
c:\users\michel\desktop\openmu source pack  zteams8\gameserver\source\release\muunsystem.sbr
c:\users\michel\desktop\openmu source pack  zteams8\gameserver\source\release\mywinsockbase.sbr
c:\users\michel\desktop\openmu source pack  zteams8\gameserver\source\release\newpvp.sbr
c:\users\michel\desktop\openmu source pack  zteams8\gameserver\source\release\notice.sbr
c:\users\michel\desktop\openmu source pack  zteams8\gameserver\source\release\npctalk.sbr
c:\users\michel\desktop\openmu source pack  zteams8\gameserver\source\release\nserialcheck.sbr
c:\users\michel\desktop\openmu source pack  zteams8\gameserver\source\release\objattack.sbr
c:\users\michel\desktop\openmu source pack  zteams8\gameserver\source\release\objbaseattack.sbr
c:\users\michel\desktop\openmu source pack  zteams8\gameserver\source\release\objcalcharacter.sbr
c:\users\michel\desktop\openmu source pack  zteams8\gameserver\source\release\objuseskill.sbr
c:\users\michel\desktop\openmu source pack  zteams8\gameserver\source\release\offlinetrade.sbr
c:\users\michel\desktop\openmu source pack  zteams8\gameserver\source\release\packetchecksum.sbr
c:\users\michel\desktop\openmu source pack  zteams8\gameserver\source\release\partyclass.sbr
c:\users\michel\desktop\openmu source pack  zteams8\gameserver\source\release\paymentex.sbr
c:\users\michel\desktop\openmu source pack  zteams8\gameserver\source\release\pcbangpointsystem.sbr
c:\users\michel\desktop\openmu source pack  zteams8\gameserver\source\release\pcbangusersystem.sbr
c:\users\michel\desktop\openmu source pack  zteams8\gameserver\source\release\protocol.sbr
c:\users\michel\desktop\openmu source pack  zteams8\gameserver\source\release\pugixml.sbr
c:\users\michel\desktop\openmu source pack  zteams8\gameserver\source\release\pvpbalance.sbr
c:\users\michel\desktop\openmu source pack  zteams8\gameserver\source\release\questinfo.sbr
c:\users\michel\desktop\openmu source pack  zteams8\gameserver\source\release\queuetimer.sbr
c:\users\michel\desktop\openmu source pack  zteams8\gameserver\source\release\raklion.sbr
c:\users\michel\desktop\openmu source pack  zteams8\gameserver\source\release\raklionbattleofselupan.sbr
c:\users\michel\desktop\openmu source pack  zteams8\gameserver\source\release\raklionbattleuser.sbr
c:\users\michel\desktop\openmu source pack  zteams8\gameserver\source\release\raklionbattleusermng.sbr
c:\users\michel\desktop\openmu source pack  zteams8\gameserver\source\release\raklionobjinfo.sbr
c:\users\michel\desktop\openmu source pack  zteams8\gameserver\source\release\raklionselupan.sbr
c:\users\michel\desktop\openmu source pack  zteams8\gameserver\source\release\raklionutil.sbr
c:\users\michel\desktop\openmu source pack  zteams8\gameserver\source\release\reconnect.sbr
c:\users\michel\desktop\openmu source pack  zteams8\gameserver\source\release\resetsystem.sbr
c:\users\michel\desktop\openmu source pack  zteams8\gameserver\source\release\ringattackevent.sbr
c:\users\michel\desktop\openmu source pack  zteams8\gameserver\source\release\setitemmacro.sbr
c:\users\michel\desktop\openmu source pack  zteams8\gameserver\source\release\setitemoption.sbr
c:\users\michel\desktop\openmu source pack  zteams8\gameserver\source\release\shop.sbr
c:\users\michel\desktop\openmu source pack  zteams8\gameserver\source\release\shopboard.sbr
c:\users\michel\desktop\openmu source pack  zteams8\gameserver\source\release\shoppointex.sbr
c:\users\michel\desktop\openmu source pack  zteams8\gameserver\source\release\simplemodulus.sbr
c:\users\michel\desktop\openmu source pack  zteams8\gameserver\source\release\skilladditioninfo.sbr
c:\users\michel\desktop\openmu source pack  zteams8\gameserver\source\release\skilldelay.sbr
c:\users\michel\desktop\openmu source pack  zteams8\gameserver\source\release\skillhitbox.sbr
c:\users\michel\desktop\openmu source pack  zteams8\gameserver\source\release\snakebegins.sbr
c:\users\michel\desktop\openmu source pack  zteams8\gameserver\source\release\socketitemoption.sbr
c:\users\michel\desktop\openmu source pack  zteams8\gameserver\source\release\soulsystem.sbr
c:\users\michel\desktop\openmu source pack  zteams8\gameserver\source\release\sprotocol.sbr
c:\users\michel\desktop\openmu source pack  zteams8\gameserver\source\release\statgem.sbr
c:\users\michel\desktop\openmu source pack  zteams8\gameserver\source\release\statmng.sbr
c:\users\michel\desktop\openmu source pack  zteams8\gameserver\source\release\stdafx.sbr
c:\users\michel\desktop\openmu source pack  zteams8\gameserver\source\release\summonspot.sbr
c:\users\michel\desktop\openmu source pack  zteams8\gameserver\source\release\tdurmagickeychecker.sbr
c:\users\michel\desktop\openmu source pack  zteams8\gameserver\source\release\temporaryusermanager.sbr
c:\users\michel\desktop\openmu source pack  zteams8\gameserver\source\release\tmonsterai.sbr
c:\users\michel\desktop\openmu source pack  zteams8\gameserver\source\release\tmonsteraiagro.sbr
c:\users\michel\desktop\openmu source pack  zteams8\gameserver\source\release\tmonsteraiautomata.sbr
c:\users\michel\desktop\openmu source pack  zteams8\gameserver\source\release\tmonsteraielement.sbr
c:\users\michel\desktop\openmu source pack  zteams8\gameserver\source\release\tmonsteraigroup.sbr
c:\users\michel\desktop\openmu source pack  zteams8\gameserver\source\release\tmonsteraigroupmember.sbr
c:\users\michel\desktop\openmu source pack  zteams8\gameserver\source\release\tmonsteraimovepath.sbr
c:\users\michel\desktop\openmu source pack  zteams8\gameserver\source\release\tmonsteraiunit.sbr
c:\users\michel\desktop\openmu source pack  zteams8\gameserver\source\release\tmonsteraiutil.sbr
c:\users\michel\desktop\openmu source pack  zteams8\gameserver\source\release\tmonsterskillelement.sbr
c:\users\michel\desktop\openmu source pack  zteams8\gameserver\source\release\tmonsterskillelementinfo.sbr
c:\users\michel\desktop\openmu source pack  zteams8\gameserver\source\release\tmonsterskillmanager.sbr
c:\users\michel\desktop\openmu source pack  zteams8\gameserver\source\release\tmonsterskillunit.sbr
c:\users\michel\desktop\openmu source pack  zteams8\gameserver\source\release\tnotice.sbr
c:\users\michel\desktop\openmu source pack  zteams8\gameserver\source\release\trandompoolmgr.sbr
c:\users\michel\desktop\openmu source pack  zteams8\gameserver\source\release\tserverinfodisplayer.sbr
c:\users\michel\desktop\openmu source pack  zteams8\gameserver\source\release\tsync.sbr
c:\users\michel\desktop\openmu source pack  zteams8\gameserver\source\release\tunion.sbr
c:\users\michel\desktop\openmu source pack  zteams8\gameserver\source\release\tunioninfo.sbr
c:\users\michel\desktop\openmu source pack  zteams8\gameserver\source\release\user.sbr
c:\users\michel\desktop\openmu source pack  zteams8\gameserver\source\release\userdieitemdrop.sbr
c:\users\michel\desktop\openmu source pack  zteams8\gameserver\source\release\viewportguild.sbr
c:\users\michel\desktop\openmu source pack  zteams8\gameserver\source\release\weapon.sbr
c:\users\michel\desktop\openmu source pack  zteams8\gameserver\source\release\whispercash.sbr
c:\users\michel\desktop\openmu source pack  zteams8\gameserver\source\release\winutil.sbr
c:\users\michel\desktop\openmu source pack  zteams8\gameserver\source\release\wsgameserver.sbr
c:\users\michel\desktop\openmu source pack  zteams8\gameserver\source\release\wsjoinservercli.sbr
c:\users\michel\desktop\openmu source pack  zteams8\gameserver\source\release\wsshopservercli.sbr
c:\users\michel\desktop\openmu source pack  zteams8\gameserver\source\release\wzmemscript.sbr
c:\users\michel\desktop\openmu source pack  zteams8\gameserver\source\release\wzqueue.sbr
c:\users\michel\desktop\openmu source pack  zteams8\gameserver\source\release\wzscriptencode.sbr
c:\users\michel\desktop\openmu source pack  zteams8\gameserver\source\release\wzudp.sbr
c:\users\michel\desktop\openmu source pack  zteams8\gameserver\source\release\xmasattackevent.sbr
c:\users\michel\desktop\openmu source pack  zteams8\gameserver\source\release\ztlogger.sbr
c:\users\michel\desktop\openmu source pack  zteams8\gameserver\source\release\ztluabackup.sbr
c:\users\michel\desktop\openmu source pack  zteams8\gameserver\source\release\zzzitem.sbr
c:\users\michel\desktop\openmu source pack  zteams8\gameserver\source\release\zzzmathlib.sbr
c:\users\michel\desktop\openmu source pack  zteams8\gameserver\release\zgameserver.pdb
c:\users\michel\desktop\openmu source pack  zteams8\gameserver\release\zgameserver.exe
c:\users\michel\desktop\openmu source pack  zteams8\gameserver\release\zgameserver.bsc
c:\users\michel\desktop\openmu source pack  zteams8\gameserver\source\release\zgameserver.tlog\bscmake.command.1.tlog
c:\users\michel\desktop\openmu source pack  zteams8\gameserver\source\release\zgameserver.tlog\bscmake.read.1.tlog
c:\users\michel\desktop\openmu source pack  zteams8\gameserver\source\release\zgameserver.tlog\bscmake.write.1.tlog
c:\users\michel\desktop\openmu source pack  zteams8\gameserver\source\release\zgameserver.tlog\cl.command.1.tlog
c:\users\michel\desktop\openmu source pack  zteams8\gameserver\source\release\zgameserver.tlog\cl.read.1.tlog
c:\users\michel\desktop\openmu source pack  zteams8\gameserver\source\release\zgameserver.tlog\cl.write.1.tlog
c:\users\michel\desktop\openmu source pack  zteams8\gameserver\source\release\zgameserver.tlog\link.command.1.tlog
c:\users\michel\desktop\openmu source pack  zteams8\gameserver\source\release\zgameserver.tlog\link.read.1.tlog
c:\users\michel\desktop\openmu source pack  zteams8\gameserver\source\release\zgameserver.tlog\link.write.1.tlog
c:\users\michel\desktop\openmu source pack  zteams8\gameserver\source\release\zgameserver.tlog\rc.command.1.tlog
c:\users\michel\desktop\openmu source pack  zteams8\gameserver\source\release\zgameserver.tlog\rc.read.1.tlog
c:\users\michel\desktop\openmu source pack  zteams8\gameserver\source\release\zgameserver.tlog\rc.write.1.tlog
